{
  "uid" : "313a2f2f5055a1ca",
  "name" : "test__login",
  "fullName" : "test.test_conduit.TestConduit#test__login",
  "historyId" : "eed529f5a18da557d931ee4679464afa",
  "time" : {
    "start" : 1628017117879,
    "stop" : 1628017129353,
    "duration" : 11474
  },
  "status" : "broken",
  "statusMessage" : "selenium.common.exceptions.TimeoutException: Message:",
  "statusTrace" : "self = <test_conduit.TestConduit object at 0x7fe24ceebf10>\n\n    def test__login(self):\n        user_login = {\"email\": \"user2@hotmail.com\",\n                      \"password\": \"Userpass1\"\n                      }\n        accept_cookies(self.browser)\n        conduit_login(self.browser)\n    \n        time.sleep(1)\n        # assert\n>       user_name = WebDriverWait(self.browser, 5).until(\n            EC.visibility_of_element_located((By.XPATH, '//*[@class=\"nav-link\" and contains(text(),\"user2\")]'))\n        )\n\ntest/test_conduit.py:122: \n_ _ _ _ _ _ _ _ _ _ _ _ _ _ _ _ _ _ _ _ _ _ _ _ _ _ _ _ _ _ _ _ _ _ _ _ _ _ _ _ \n\nself = <selenium.webdriver.support.wait.WebDriverWait (session=\"249e0b816ab8471f2ff1312d949c822c\")>\nmethod = <selenium.webdriver.support.expected_conditions.visibility_of_element_located object at 0x7fe24cfaa7f0>\nmessage = ''\n\n    def until(self, method, message=''):\n        \"\"\"Calls the method provided with the driver as an argument until the \\\n        return value is not False.\"\"\"\n        screen = None\n        stacktrace = None\n    \n        end_time = time.time() + self._timeout\n        while True:\n            try:\n                value = method(self._driver)\n                if value:\n                    return value\n            except self._ignored_exceptions as exc:\n                screen = getattr(exc, 'screen', None)\n                stacktrace = getattr(exc, 'stacktrace', None)\n            time.sleep(self._poll)\n            if time.time() > end_time:\n                break\n>       raise TimeoutException(message, screen, stacktrace)\nE       selenium.common.exceptions.TimeoutException: Message:\n\n/opt/hostedtoolcache/Python/3.9.6/x64/lib/python3.9/site-packages/selenium/webdriver/support/wait.py:80: TimeoutException",
  "flaky" : false,
  "newFailed" : false,
  "beforeStages" : [ ],
  "testStage" : {
    "status" : "broken",
    "statusMessage" : "selenium.common.exceptions.TimeoutException: Message:",
    "statusTrace" : "self = <test_conduit.TestConduit object at 0x7fe24ceebf10>\n\n    def test__login(self):\n        user_login = {\"email\": \"user2@hotmail.com\",\n                      \"password\": \"Userpass1\"\n                      }\n        accept_cookies(self.browser)\n        conduit_login(self.browser)\n    \n        time.sleep(1)\n        # assert\n>       user_name = WebDriverWait(self.browser, 5).until(\n            EC.visibility_of_element_located((By.XPATH, '//*[@class=\"nav-link\" and contains(text(),\"user2\")]'))\n        )\n\ntest/test_conduit.py:122: \n_ _ _ _ _ _ _ _ _ _ _ _ _ _ _ _ _ _ _ _ _ _ _ _ _ _ _ _ _ _ _ _ _ _ _ _ _ _ _ _ \n\nself = <selenium.webdriver.support.wait.WebDriverWait (session=\"249e0b816ab8471f2ff1312d949c822c\")>\nmethod = <selenium.webdriver.support.expected_conditions.visibility_of_element_located object at 0x7fe24cfaa7f0>\nmessage = ''\n\n    def until(self, method, message=''):\n        \"\"\"Calls the method provided with the driver as an argument until the \\\n        return value is not False.\"\"\"\n        screen = None\n        stacktrace = None\n    \n        end_time = time.time() + self._timeout\n        while True:\n            try:\n                value = method(self._driver)\n                if value:\n                    return value\n            except self._ignored_exceptions as exc:\n                screen = getattr(exc, 'screen', None)\n                stacktrace = getattr(exc, 'stacktrace', None)\n            time.sleep(self._poll)\n            if time.time() > end_time:\n                break\n>       raise TimeoutException(message, screen, stacktrace)\nE       selenium.common.exceptions.TimeoutException: Message:\n\n/opt/hostedtoolcache/Python/3.9.6/x64/lib/python3.9/site-packages/selenium/webdriver/support/wait.py:80: TimeoutException",
    "steps" : [ ],
    "attachments" : [ {
      "uid" : "a6cc359b5ef61b97",
      "name" : "log",
      "source" : "a6cc359b5ef61b97.txt",
      "type" : "text/plain",
      "size" : 344
    }, {
      "uid" : "16e2d485b80dcd60",
      "name" : "stderr",
      "source" : "16e2d485b80dcd60.txt",
      "type" : "text/plain",
      "size" : 215
    } ],
    "parameters" : [ ],
    "stepsCount" : 0,
    "attachmentsCount" : 2,
    "shouldDisplayMessage" : true,
    "hasContent" : true
  },
  "afterStages" : [ ],
  "labels" : [ {
    "name" : "parentSuite",
    "value" : "test"
  }, {
    "name" : "suite",
    "value" : "test_conduit"
  }, {
    "name" : "subSuite",
    "value" : "TestConduit"
  }, {
    "name" : "host",
    "value" : "fv-az83-815"
  }, {
    "name" : "thread",
    "value" : "3663-MainThread"
  }, {
    "name" : "framework",
    "value" : "pytest"
  }, {
    "name" : "language",
    "value" : "cpython3"
  }, {
    "name" : "package",
    "value" : "test.test_conduit"
  }, {
    "name" : "resultFormat",
    "value" : "allure2"
  } ],
  "parameters" : [ ],
  "links" : [ ],
  "hidden" : false,
  "retry" : false,
  "extra" : {
    "severity" : "normal",
    "retries" : [ ],
    "categories" : [ {
      "name" : "Test defects",
      "matchedStatuses" : [ ],
      "flaky" : false
    } ],
    "tags" : [ ]
  },
  "source" : "313a2f2f5055a1ca.json",
  "parameterValues" : [ ]
}