{
  "uid" : "54ab7787011cc133",
  "name" : "test__registration",
  "fullName" : "test.conduit_test.TestConduit#test__registration",
  "historyId" : "d31fe816991f8dae3b76d694f53ca7a7",
  "time" : {
    "start" : 1628016977494,
    "stop" : 1628016986787,
    "duration" : 9293
  },
  "status" : "failed",
  "statusMessage" : "AssertionError: assert 'Welcome!' == 'Registration failed!'\n  - Registration failed!\n  + Welcome!",
  "statusTrace" : "self = <conduit_test.TestConduit object at 0x7fe24d482e80>\n\n    def test__registration(self):\n        user_input = {\"name\": \"test\",\n                      \"email\": \"user5@hotmail.com\",\n                      \"password\": \"Userpass1\"\n                      }\n        self.test__accept_cookies()\n    \n        self.browser.find_element_by_xpath('//*[@href=\"#/register\"]').click()\n        time.sleep(2)\n        self.browser.find_element_by_xpath('//*[@placeholder=\"Username\"]').send_keys(user_input[\"name\"])\n        self.browser.find_element_by_xpath('//*[@placeholder=\"Email\"]').send_keys(user_input[\"email\"])\n        self.browser.find_element_by_xpath('//*[@placeholder=\"Password\"]').send_keys(user_input[\"password\"])\n        time.sleep(1)\n        self.browser.find_element_by_xpath('//button[1]').click()\n        time.sleep(2)\n        # assert\n        ref_text_fail = \"Registration failed!\"\n        ref_text_success = \"Welcome!\"\n        welcome = WebDriverWait(self.browser, 5).until(\n            EC.visibility_of_element_located((By.CSS_SELECTOR, \".swal-title\"))\n        )\n        #assert (welcome.text == ref_text_success)\n>       assert (welcome.text == ref_text_fail)\nE       AssertionError: assert 'Welcome!' == 'Registration failed!'\nE         - Registration failed!\nE         + Welcome!\n\ntest/conduit_test.py:70: AssertionError",
  "flaky" : false,
  "newFailed" : false,
  "beforeStages" : [ ],
  "testStage" : {
    "status" : "failed",
    "statusMessage" : "AssertionError: assert 'Welcome!' == 'Registration failed!'\n  - Registration failed!\n  + Welcome!",
    "statusTrace" : "self = <conduit_test.TestConduit object at 0x7fe24d482e80>\n\n    def test__registration(self):\n        user_input = {\"name\": \"test\",\n                      \"email\": \"user5@hotmail.com\",\n                      \"password\": \"Userpass1\"\n                      }\n        self.test__accept_cookies()\n    \n        self.browser.find_element_by_xpath('//*[@href=\"#/register\"]').click()\n        time.sleep(2)\n        self.browser.find_element_by_xpath('//*[@placeholder=\"Username\"]').send_keys(user_input[\"name\"])\n        self.browser.find_element_by_xpath('//*[@placeholder=\"Email\"]').send_keys(user_input[\"email\"])\n        self.browser.find_element_by_xpath('//*[@placeholder=\"Password\"]').send_keys(user_input[\"password\"])\n        time.sleep(1)\n        self.browser.find_element_by_xpath('//button[1]').click()\n        time.sleep(2)\n        # assert\n        ref_text_fail = \"Registration failed!\"\n        ref_text_success = \"Welcome!\"\n        welcome = WebDriverWait(self.browser, 5).until(\n            EC.visibility_of_element_located((By.CSS_SELECTOR, \".swal-title\"))\n        )\n        #assert (welcome.text == ref_text_success)\n>       assert (welcome.text == ref_text_fail)\nE       AssertionError: assert 'Welcome!' == 'Registration failed!'\nE         - Registration failed!\nE         + Welcome!\n\ntest/conduit_test.py:70: AssertionError",
    "steps" : [ ],
    "attachments" : [ {
      "uid" : "caab1cd644ff5a22",
      "name" : "log",
      "source" : "caab1cd644ff5a22.txt",
      "type" : "text/plain",
      "size" : 344
    }, {
      "uid" : "47296233b76569dd",
      "name" : "stdout",
      "source" : "47296233b76569dd.txt",
      "type" : "text/plain",
      "size" : 25
    }, {
      "uid" : "45fe7fde05d0a242",
      "name" : "stderr",
      "source" : "45fe7fde05d0a242.txt",
      "type" : "text/plain",
      "size" : 215
    } ],
    "parameters" : [ ],
    "stepsCount" : 0,
    "attachmentsCount" : 3,
    "shouldDisplayMessage" : true,
    "hasContent" : true
  },
  "afterStages" : [ ],
  "labels" : [ {
    "name" : "parentSuite",
    "value" : "test"
  }, {
    "name" : "suite",
    "value" : "conduit_test"
  }, {
    "name" : "subSuite",
    "value" : "TestConduit"
  }, {
    "name" : "host",
    "value" : "fv-az83-815"
  }, {
    "name" : "thread",
    "value" : "3663-MainThread"
  }, {
    "name" : "framework",
    "value" : "pytest"
  }, {
    "name" : "language",
    "value" : "cpython3"
  }, {
    "name" : "package",
    "value" : "test.conduit_test"
  }, {
    "name" : "resultFormat",
    "value" : "allure2"
  } ],
  "parameters" : [ ],
  "links" : [ ],
  "hidden" : false,
  "retry" : false,
  "extra" : {
    "severity" : "normal",
    "retries" : [ ],
    "categories" : [ {
      "name" : "Product defects",
      "matchedStatuses" : [ ],
      "flaky" : false
    } ],
    "tags" : [ ]
  },
  "source" : "54ab7787011cc133.json",
  "parameterValues" : [ ]
}