{
  "uid" : "f626b23e228caa96",
  "name" : "test__modify_article",
  "fullName" : "test.test_REMEK_panniangyan_conduit.TestConduit#test__modify_article",
  "historyId" : "1a06289fdb356a0d8f4ee66d2fcf8a64",
  "time" : {
    "start" : 1628238174433,
    "stop" : 1628238196799,
    "duration" : 22366
  },
  "status" : "broken",
  "statusMessage" : "selenium.common.exceptions.TimeoutException: Message:",
  "statusTrace" : "self = <test_REMEK_panniangyan_conduit.TestConduit object at 0x7f5594041df0>\n\n    def test__modify_article(self):\n        accept_cookies(self.browser)\n        conduit_login(self.browser)\n        title_list = []\n        title = \"Title modified\"\n        title_list.append(title)\n        WebDriverWait(self.browser, 5).until(\n             EC.visibility_of_element_located((By.XPATH, '//*[@href=\"#/@user2/\"]'))\n        ).click()\n        time.sleep(4)\n        old_title = WebDriverWait(self.browser, 10).until(\n             EC.visibility_of_element_located((By.XPATH, '//*[@class=\"preview-link\"]/h1'))\n        )\n        title_list.append(old_title.text)\n        old_title.click()\n        time.sleep(4)\n>       WebDriverWait(self.browser, 10).until(\n            EC.visibility_of_element_located((By.XPATH, '//*[@class=\"article-meta\"]/span/a'))\n        ).click()\n\ntest/test_REMEK_panniangyan_conduit.py:192: \n_ _ _ _ _ _ _ _ _ _ _ _ _ _ _ _ _ _ _ _ _ _ _ _ _ _ _ _ _ _ _ _ _ _ _ _ _ _ _ _ \n\nself = <selenium.webdriver.support.wait.WebDriverWait (session=\"64be425a487463d141b8b8d06ce94362\")>\nmethod = <selenium.webdriver.support.expected_conditions.visibility_of_element_located object at 0x7f5594055790>\nmessage = ''\n\n    def until(self, method, message=''):\n        \"\"\"Calls the method provided with the driver as an argument until the \\\n        return value is not False.\"\"\"\n        screen = None\n        stacktrace = None\n    \n        end_time = time.time() + self._timeout\n        while True:\n            try:\n                value = method(self._driver)\n                if value:\n                    return value\n            except self._ignored_exceptions as exc:\n                screen = getattr(exc, 'screen', None)\n                stacktrace = getattr(exc, 'stacktrace', None)\n            time.sleep(self._poll)\n            if time.time() > end_time:\n                break\n>       raise TimeoutException(message, screen, stacktrace)\nE       selenium.common.exceptions.TimeoutException: Message:\n\n/opt/hostedtoolcache/Python/3.9.5/x64/lib/python3.9/site-packages/selenium/webdriver/support/wait.py:80: TimeoutException",
  "flaky" : false,
  "newFailed" : false,
  "beforeStages" : [ ],
  "testStage" : {
    "status" : "broken",
    "statusMessage" : "selenium.common.exceptions.TimeoutException: Message:",
    "statusTrace" : "self = <test_REMEK_panniangyan_conduit.TestConduit object at 0x7f5594041df0>\n\n    def test__modify_article(self):\n        accept_cookies(self.browser)\n        conduit_login(self.browser)\n        title_list = []\n        title = \"Title modified\"\n        title_list.append(title)\n        WebDriverWait(self.browser, 5).until(\n             EC.visibility_of_element_located((By.XPATH, '//*[@href=\"#/@user2/\"]'))\n        ).click()\n        time.sleep(4)\n        old_title = WebDriverWait(self.browser, 10).until(\n             EC.visibility_of_element_located((By.XPATH, '//*[@class=\"preview-link\"]/h1'))\n        )\n        title_list.append(old_title.text)\n        old_title.click()\n        time.sleep(4)\n>       WebDriverWait(self.browser, 10).until(\n            EC.visibility_of_element_located((By.XPATH, '//*[@class=\"article-meta\"]/span/a'))\n        ).click()\n\ntest/test_REMEK_panniangyan_conduit.py:192: \n_ _ _ _ _ _ _ _ _ _ _ _ _ _ _ _ _ _ _ _ _ _ _ _ _ _ _ _ _ _ _ _ _ _ _ _ _ _ _ _ \n\nself = <selenium.webdriver.support.wait.WebDriverWait (session=\"64be425a487463d141b8b8d06ce94362\")>\nmethod = <selenium.webdriver.support.expected_conditions.visibility_of_element_located object at 0x7f5594055790>\nmessage = ''\n\n    def until(self, method, message=''):\n        \"\"\"Calls the method provided with the driver as an argument until the \\\n        return value is not False.\"\"\"\n        screen = None\n        stacktrace = None\n    \n        end_time = time.time() + self._timeout\n        while True:\n            try:\n                value = method(self._driver)\n                if value:\n                    return value\n            except self._ignored_exceptions as exc:\n                screen = getattr(exc, 'screen', None)\n                stacktrace = getattr(exc, 'stacktrace', None)\n            time.sleep(self._poll)\n            if time.time() > end_time:\n                break\n>       raise TimeoutException(message, screen, stacktrace)\nE       selenium.common.exceptions.TimeoutException: Message:\n\n/opt/hostedtoolcache/Python/3.9.5/x64/lib/python3.9/site-packages/selenium/webdriver/support/wait.py:80: TimeoutException",
    "steps" : [ ],
    "attachments" : [ {
      "uid" : "bde536068845c1e2",
      "name" : "log",
      "source" : "bde536068845c1e2.txt",
      "type" : "text/plain",
      "size" : 344
    }, {
      "uid" : "2d067aa651b57267",
      "name" : "stderr",
      "source" : "2d067aa651b57267.txt",
      "type" : "text/plain",
      "size" : 215
    } ],
    "parameters" : [ ],
    "stepsCount" : 0,
    "attachmentsCount" : 2,
    "shouldDisplayMessage" : true,
    "hasContent" : true
  },
  "afterStages" : [ ],
  "labels" : [ {
    "name" : "parentSuite",
    "value" : "test"
  }, {
    "name" : "suite",
    "value" : "test_REMEK_panniangyan_conduit"
  }, {
    "name" : "subSuite",
    "value" : "TestConduit"
  }, {
    "name" : "host",
    "value" : "fv-az74-184"
  }, {
    "name" : "thread",
    "value" : "3730-MainThread"
  }, {
    "name" : "framework",
    "value" : "pytest"
  }, {
    "name" : "language",
    "value" : "cpython3"
  }, {
    "name" : "package",
    "value" : "test.test_REMEK_panniangyan_conduit"
  }, {
    "name" : "resultFormat",
    "value" : "allure2"
  } ],
  "parameters" : [ ],
  "links" : [ ],
  "hidden" : false,
  "retry" : false,
  "extra" : {
    "severity" : "normal",
    "retries" : [ ],
    "categories" : [ {
      "name" : "Test defects",
      "matchedStatuses" : [ ],
      "flaky" : false
    } ],
    "tags" : [ ]
  },
  "source" : "f626b23e228caa96.json",
  "parameterValues" : [ ]
}