{
  "uid" : "1c567d9bef8d189",
  "name" : "test__list_data",
  "fullName" : "test.conduit_panniangyan_test.TestConduit#test__list_data",
  "historyId" : "db138463b55a4b656f3c8ccdeb27f523",
  "time" : {
    "start" : 1627829830041,
    "stop" : 1627829830041,
    "duration" : 0
  },
  "status" : "broken",
  "statusMessage" : "AttributeError: 'TestConduit' object has no attribute 'browser'",
  "statusTrace" : "self = <conduit_panniangyan_test.TestConduit object at 0x7fe9a6c2cbb0>\n\n    def setup(self):\n>       self.browser.get(\"http://localhost:1667\")\nE       AttributeError: 'TestConduit' object has no attribute 'browser'\n\ntest/conduit_panniangyan_test.py:22: AttributeError",
  "flaky" : false,
  "newFailed" : false,
  "beforeStages" : [ ],
  "afterStages" : [ ],
  "labels" : [ {
    "name" : "parentSuite",
    "value" : "test"
  }, {
    "name" : "suite",
    "value" : "conduit_panniangyan_test"
  }, {
    "name" : "subSuite",
    "value" : "TestConduit"
  }, {
    "name" : "host",
    "value" : "fv-az81-201"
  }, {
    "name" : "thread",
    "value" : "3767-MainThread"
  }, {
    "name" : "framework",
    "value" : "pytest"
  }, {
    "name" : "language",
    "value" : "cpython3"
  }, {
    "name" : "package",
    "value" : "test.conduit_panniangyan_test"
  }, {
    "name" : "resultFormat",
    "value" : "allure2"
  } ],
  "parameters" : [ ],
  "links" : [ ],
  "hidden" : false,
  "retry" : false,
  "extra" : {
    "severity" : "normal",
    "retries" : [ ],
    "categories" : [ {
      "name" : "Test defects",
      "matchedStatuses" : [ ],
      "flaky" : false
    } ],
    "history" : {
      "statistic" : {
        "failed" : 0,
        "broken" : 8,
        "skipped" : 0,
        "passed" : 0,
        "unknown" : 0,
        "total" : 8
      },
      "items" : [ {
        "uid" : "dde53fa7e9a60c3f",
        "reportUrl" : "https://panniangyan.github.io/conduit/9//#testresult/dde53fa7e9a60c3f",
        "status" : "broken",
        "statusDetails" : "AttributeError: 'TestConduit' object has no attribute 'browser'",
        "time" : {
          "start" : 1627829049986,
          "stop" : 1627829049986,
          "duration" : 0
        }
      }, {
        "uid" : "4b77d4276fd923c1",
        "reportUrl" : "https://panniangyan.github.io/conduit/8//#testresult/4b77d4276fd923c1",
        "status" : "broken",
        "statusDetails" : "AttributeError: 'TestConduit' object has no attribute 'browser'",
        "time" : {
          "start" : 1627828717732,
          "stop" : 1627828717732,
          "duration" : 0
        }
      }, {
        "uid" : "84eb5417b53aae45",
        "reportUrl" : "https://panniangyan.github.io/conduit/7//#testresult/84eb5417b53aae45",
        "status" : "broken",
        "statusDetails" : "selenium.common.exceptions.WebDriverException: Message: unknown error: Chrome failed to start: exited abnormally.\n  (unknown error: DevToolsActivePort file doesn't exist)\n  (The process started from chrome location /usr/bin/google-chrome is no longer running, so ChromeDriver is assuming that Chrome has crashed.)",
        "time" : {
          "start" : 1627828254853,
          "stop" : 1627828254853,
          "duration" : 0
        }
      }, {
        "uid" : "609efaba1a0f583d",
        "reportUrl" : "https://panniangyan.github.io/conduit/6//#testresult/609efaba1a0f583d",
        "status" : "broken",
        "statusDetails" : "selenium.common.exceptions.WebDriverException: Message: unknown error: Chrome failed to start: exited abnormally.\n  (unknown error: DevToolsActivePort file doesn't exist)\n  (The process started from chrome location /usr/bin/google-chrome is no longer running, so ChromeDriver is assuming that Chrome has crashed.)",
        "time" : {
          "start" : 1627827068087,
          "stop" : 1627827068087,
          "duration" : 0
        }
      }, {
        "uid" : "fdf6ec9fa232047",
        "reportUrl" : "https://panniangyan.github.io/conduit/5//#testresult/fdf6ec9fa232047",
        "status" : "broken",
        "statusDetails" : "selenium.common.exceptions.WebDriverException: Message: unknown error: Chrome failed to start: exited abnormally.\n  (unknown error: DevToolsActivePort file doesn't exist)\n  (The process started from chrome location /usr/bin/google-chrome is no longer running, so ChromeDriver is assuming that Chrome has crashed.)",
        "time" : {
          "start" : 1627819955059,
          "stop" : 1627819955059,
          "duration" : 0
        }
      }, {
        "uid" : "9f43047b5d9d9b14",
        "reportUrl" : "https://panniangyan.github.io/conduit/4//#testresult/9f43047b5d9d9b14",
        "status" : "broken",
        "statusDetails" : "selenium.common.exceptions.WebDriverException: Message: unknown error: Chrome failed to start: exited abnormally.\n  (unknown error: DevToolsActivePort file doesn't exist)\n  (The process started from chrome location /usr/bin/google-chrome is no longer running, so ChromeDriver is assuming that Chrome has crashed.)",
        "time" : {
          "start" : 1627818410319,
          "stop" : 1627818410319,
          "duration" : 0
        }
      }, {
        "uid" : "900524d67f6c3007",
        "reportUrl" : "https://panniangyan.github.io/conduit/3//#testresult/900524d67f6c3007",
        "status" : "broken",
        "statusDetails" : "selenium.common.exceptions.WebDriverException: Message: unknown error: Chrome failed to start: exited abnormally.\n  (unknown error: DevToolsActivePort file doesn't exist)\n  (The process started from chrome location /usr/bin/google-chrome is no longer running, so ChromeDriver is assuming that Chrome has crashed.)",
        "time" : {
          "start" : 1627818159998,
          "stop" : 1627818159998,
          "duration" : 0
        }
      } ]
    },
    "tags" : [ ]
  },
  "source" : "1c567d9bef8d189.json",
  "parameterValues" : [ ]
}