{
  "uid" : "df83efd36471fa94",
  "name" : "test__import_data_from_file",
  "fullName" : "test.conduit_panniangyan_test.TestConduit#test__import_data_from_file",
  "historyId" : "514c1849c916d4c8c1b7f09004ee7cc9",
  "time" : {
    "start" : 1627829830070,
    "stop" : 1627829830070,
    "duration" : 0
  },
  "status" : "broken",
  "statusMessage" : "AttributeError: 'TestConduit' object has no attribute 'browser'",
  "statusTrace" : "self = <conduit_panniangyan_test.TestConduit object at 0x7fe9a6c8d370>\n\n    def setup(self):\n>       self.browser.get(\"http://localhost:1667\")\nE       AttributeError: 'TestConduit' object has no attribute 'browser'\n\ntest/conduit_panniangyan_test.py:22: AttributeError",
  "flaky" : false,
  "newFailed" : false,
  "beforeStages" : [ ],
  "afterStages" : [ ],
  "labels" : [ {
    "name" : "parentSuite",
    "value" : "test"
  }, {
    "name" : "suite",
    "value" : "conduit_panniangyan_test"
  }, {
    "name" : "subSuite",
    "value" : "TestConduit"
  }, {
    "name" : "host",
    "value" : "fv-az81-201"
  }, {
    "name" : "thread",
    "value" : "3767-MainThread"
  }, {
    "name" : "framework",
    "value" : "pytest"
  }, {
    "name" : "language",
    "value" : "cpython3"
  }, {
    "name" : "package",
    "value" : "test.conduit_panniangyan_test"
  }, {
    "name" : "resultFormat",
    "value" : "allure2"
  } ],
  "parameters" : [ ],
  "links" : [ ],
  "hidden" : false,
  "retry" : false,
  "extra" : {
    "severity" : "normal",
    "retries" : [ ],
    "categories" : [ {
      "name" : "Test defects",
      "matchedStatuses" : [ ],
      "flaky" : false
    } ],
    "history" : {
      "statistic" : {
        "failed" : 0,
        "broken" : 8,
        "skipped" : 0,
        "passed" : 0,
        "unknown" : 0,
        "total" : 8
      },
      "items" : [ {
        "uid" : "16c81366300bf03f",
        "reportUrl" : "https://panniangyan.github.io/conduit/9//#testresult/16c81366300bf03f",
        "status" : "broken",
        "statusDetails" : "AttributeError: 'TestConduit' object has no attribute 'browser'",
        "time" : {
          "start" : 1627829050006,
          "stop" : 1627829050006,
          "duration" : 0
        }
      }, {
        "uid" : "b493afe249b8d59d",
        "reportUrl" : "https://panniangyan.github.io/conduit/8//#testresult/b493afe249b8d59d",
        "status" : "broken",
        "statusDetails" : "AttributeError: 'TestConduit' object has no attribute 'browser'",
        "time" : {
          "start" : 1627828717751,
          "stop" : 1627828717751,
          "duration" : 0
        }
      }, {
        "uid" : "bf325ae051530162",
        "reportUrl" : "https://panniangyan.github.io/conduit/7//#testresult/bf325ae051530162",
        "status" : "broken",
        "statusDetails" : "selenium.common.exceptions.WebDriverException: Message: unknown error: Chrome failed to start: exited abnormally.\n  (unknown error: DevToolsActivePort file doesn't exist)\n  (The process started from chrome location /usr/bin/google-chrome is no longer running, so ChromeDriver is assuming that Chrome has crashed.)",
        "time" : {
          "start" : 1627828258355,
          "stop" : 1627828258355,
          "duration" : 0
        }
      }, {
        "uid" : "f82dcc0df2e3435b",
        "reportUrl" : "https://panniangyan.github.io/conduit/6//#testresult/f82dcc0df2e3435b",
        "status" : "broken",
        "statusDetails" : "selenium.common.exceptions.WebDriverException: Message: unknown error: Chrome failed to start: exited abnormally.\n  (unknown error: DevToolsActivePort file doesn't exist)\n  (The process started from chrome location /usr/bin/google-chrome is no longer running, so ChromeDriver is assuming that Chrome has crashed.)",
        "time" : {
          "start" : 1627827071565,
          "stop" : 1627827071565,
          "duration" : 0
        }
      }, {
        "uid" : "d0ad10efd2db7f45",
        "reportUrl" : "https://panniangyan.github.io/conduit/5//#testresult/d0ad10efd2db7f45",
        "status" : "broken",
        "statusDetails" : "selenium.common.exceptions.WebDriverException: Message: unknown error: Chrome failed to start: exited abnormally.\n  (unknown error: DevToolsActivePort file doesn't exist)\n  (The process started from chrome location /usr/bin/google-chrome is no longer running, so ChromeDriver is assuming that Chrome has crashed.)",
        "time" : {
          "start" : 1627819958574,
          "stop" : 1627819958574,
          "duration" : 0
        }
      }, {
        "uid" : "d769ea23dc7e4601",
        "reportUrl" : "https://panniangyan.github.io/conduit/4//#testresult/d769ea23dc7e4601",
        "status" : "broken",
        "statusDetails" : "selenium.common.exceptions.WebDriverException: Message: unknown error: Chrome failed to start: exited abnormally.\n  (unknown error: DevToolsActivePort file doesn't exist)\n  (The process started from chrome location /usr/bin/google-chrome is no longer running, so ChromeDriver is assuming that Chrome has crashed.)",
        "time" : {
          "start" : 1627818413877,
          "stop" : 1627818413877,
          "duration" : 0
        }
      }, {
        "uid" : "e3c28677a736ebfd",
        "reportUrl" : "https://panniangyan.github.io/conduit/3//#testresult/e3c28677a736ebfd",
        "status" : "broken",
        "statusDetails" : "selenium.common.exceptions.WebDriverException: Message: unknown error: Chrome failed to start: exited abnormally.\n  (unknown error: DevToolsActivePort file doesn't exist)\n  (The process started from chrome location /usr/bin/google-chrome is no longer running, so ChromeDriver is assuming that Chrome has crashed.)",
        "time" : {
          "start" : 1627818163526,
          "stop" : 1627818163526,
          "duration" : 0
        }
      } ]
    },
    "tags" : [ ]
  },
  "source" : "df83efd36471fa94.json",
  "parameterValues" : [ ]
}