{
  "uid" : "3715169e20d9585a",
  "name" : "test__add_new_article",
  "fullName" : "test.conduit_panniangyan_test.TestConduit#test__add_new_article",
  "historyId" : "16e1d08b48382b4f4da7f0942fe0871a",
  "time" : {
    "start" : 1627829049999,
    "stop" : 1627829049999,
    "duration" : 0
  },
  "status" : "broken",
  "statusMessage" : "AttributeError: 'TestConduit' object has no attribute 'browser'",
  "statusTrace" : "self = <conduit_panniangyan_test.TestConduit object at 0x7f2d84b767f0>\n\n    def setup(self):\n>       self.browser.get(\"http://localhost:1667\")\nE       AttributeError: 'TestConduit' object has no attribute 'browser'\n\ntest/conduit_panniangyan_test.py:22: AttributeError",
  "flaky" : false,
  "newFailed" : false,
  "beforeStages" : [ ],
  "afterStages" : [ ],
  "labels" : [ {
    "name" : "parentSuite",
    "value" : "test"
  }, {
    "name" : "suite",
    "value" : "conduit_panniangyan_test"
  }, {
    "name" : "subSuite",
    "value" : "TestConduit"
  }, {
    "name" : "host",
    "value" : "fv-az39-326"
  }, {
    "name" : "thread",
    "value" : "3841-MainThread"
  }, {
    "name" : "framework",
    "value" : "pytest"
  }, {
    "name" : "language",
    "value" : "cpython3"
  }, {
    "name" : "package",
    "value" : "test.conduit_panniangyan_test"
  }, {
    "name" : "resultFormat",
    "value" : "allure2"
  } ],
  "parameters" : [ ],
  "links" : [ ],
  "hidden" : false,
  "retry" : false,
  "extra" : {
    "severity" : "normal",
    "retries" : [ ],
    "categories" : [ {
      "name" : "Test defects",
      "matchedStatuses" : [ ],
      "flaky" : false
    } ],
    "history" : {
      "statistic" : {
        "failed" : 0,
        "broken" : 7,
        "skipped" : 0,
        "passed" : 0,
        "unknown" : 0,
        "total" : 7
      },
      "items" : [ {
        "uid" : "563f04df02071dea",
        "reportUrl" : "https://panniangyan.github.io/conduit/8//#testresult/563f04df02071dea",
        "status" : "broken",
        "statusDetails" : "AttributeError: 'TestConduit' object has no attribute 'browser'",
        "time" : {
          "start" : 1627828717745,
          "stop" : 1627828717745,
          "duration" : 0
        }
      }, {
        "uid" : "d6ab8f81ec90e05a",
        "reportUrl" : "https://panniangyan.github.io/conduit/7//#testresult/d6ab8f81ec90e05a",
        "status" : "broken",
        "statusDetails" : "selenium.common.exceptions.WebDriverException: Message: unknown error: Chrome failed to start: exited abnormally.\n  (unknown error: DevToolsActivePort file doesn't exist)\n  (The process started from chrome location /usr/bin/google-chrome is no longer running, so ChromeDriver is assuming that Chrome has crashed.)",
        "time" : {
          "start" : 1627828257188,
          "stop" : 1627828257188,
          "duration" : 0
        }
      }, {
        "uid" : "b8d72a427223736e",
        "reportUrl" : "https://panniangyan.github.io/conduit/6//#testresult/b8d72a427223736e",
        "status" : "broken",
        "statusDetails" : "selenium.common.exceptions.WebDriverException: Message: unknown error: Chrome failed to start: exited abnormally.\n  (unknown error: DevToolsActivePort file doesn't exist)\n  (The process started from chrome location /usr/bin/google-chrome is no longer running, so ChromeDriver is assuming that Chrome has crashed.)",
        "time" : {
          "start" : 1627827070405,
          "stop" : 1627827070405,
          "duration" : 0
        }
      }, {
        "uid" : "1a5f0b159740170b",
        "reportUrl" : "https://panniangyan.github.io/conduit/5//#testresult/1a5f0b159740170b",
        "status" : "broken",
        "statusDetails" : "selenium.common.exceptions.WebDriverException: Message: unknown error: Chrome failed to start: exited abnormally.\n  (unknown error: DevToolsActivePort file doesn't exist)\n  (The process started from chrome location /usr/bin/google-chrome is no longer running, so ChromeDriver is assuming that Chrome has crashed.)",
        "time" : {
          "start" : 1627819957405,
          "stop" : 1627819957405,
          "duration" : 0
        }
      }, {
        "uid" : "f933028cc164155c",
        "reportUrl" : "https://panniangyan.github.io/conduit/4//#testresult/f933028cc164155c",
        "status" : "broken",
        "statusDetails" : "selenium.common.exceptions.WebDriverException: Message: unknown error: Chrome failed to start: exited abnormally.\n  (unknown error: DevToolsActivePort file doesn't exist)\n  (The process started from chrome location /usr/bin/google-chrome is no longer running, so ChromeDriver is assuming that Chrome has crashed.)",
        "time" : {
          "start" : 1627818412712,
          "stop" : 1627818412712,
          "duration" : 0
        }
      }, {
        "uid" : "32912c50c0d5e78d",
        "reportUrl" : "https://panniangyan.github.io/conduit/3//#testresult/32912c50c0d5e78d",
        "status" : "broken",
        "statusDetails" : "selenium.common.exceptions.WebDriverException: Message: unknown error: Chrome failed to start: exited abnormally.\n  (unknown error: DevToolsActivePort file doesn't exist)\n  (The process started from chrome location /usr/bin/google-chrome is no longer running, so ChromeDriver is assuming that Chrome has crashed.)",
        "time" : {
          "start" : 1627818162311,
          "stop" : 1627818162311,
          "duration" : 0
        }
      } ]
    },
    "tags" : [ ]
  },
  "source" : "3715169e20d9585a.json",
  "parameterValues" : [ ]
}