{
  "uid" : "e1553dadf08a70d2",
  "name" : "test__accept_cookies",
  "fullName" : "test.conduit_panniangyan_test.TestConduit#test__accept_cookies",
  "historyId" : "de8f5d4366661f0af5dd4dc6f91eb86d",
  "time" : {
    "start" : 1627829049925,
    "stop" : 1627829049925,
    "duration" : 0
  },
  "status" : "broken",
  "statusMessage" : "AttributeError: 'TestConduit' object has no attribute 'browser'",
  "statusTrace" : "self = <conduit_panniangyan_test.TestConduit object at 0x7f2d84e949d0>\n\n    def setup(self):\n>       self.browser.get(\"http://localhost:1667\")\nE       AttributeError: 'TestConduit' object has no attribute 'browser'\n\ntest/conduit_panniangyan_test.py:22: AttributeError",
  "flaky" : false,
  "newFailed" : false,
  "beforeStages" : [ ],
  "afterStages" : [ ],
  "labels" : [ {
    "name" : "parentSuite",
    "value" : "test"
  }, {
    "name" : "suite",
    "value" : "conduit_panniangyan_test"
  }, {
    "name" : "subSuite",
    "value" : "TestConduit"
  }, {
    "name" : "host",
    "value" : "fv-az39-326"
  }, {
    "name" : "thread",
    "value" : "3841-MainThread"
  }, {
    "name" : "framework",
    "value" : "pytest"
  }, {
    "name" : "language",
    "value" : "cpython3"
  }, {
    "name" : "package",
    "value" : "test.conduit_panniangyan_test"
  }, {
    "name" : "resultFormat",
    "value" : "allure2"
  } ],
  "parameters" : [ ],
  "links" : [ ],
  "hidden" : false,
  "retry" : false,
  "extra" : {
    "severity" : "normal",
    "retries" : [ ],
    "categories" : [ {
      "name" : "Test defects",
      "matchedStatuses" : [ ],
      "flaky" : false
    } ],
    "history" : {
      "statistic" : {
        "failed" : 0,
        "broken" : 7,
        "skipped" : 0,
        "passed" : 0,
        "unknown" : 0,
        "total" : 7
      },
      "items" : [ {
        "uid" : "2603299f6999848e",
        "reportUrl" : "https://panniangyan.github.io/conduit/8//#testresult/2603299f6999848e",
        "status" : "broken",
        "statusDetails" : "AttributeError: 'TestConduit' object has no attribute 'browser'",
        "time" : {
          "start" : 1627828717673,
          "stop" : 1627828717673,
          "duration" : 0
        }
      }, {
        "uid" : "677de1905a53e481",
        "reportUrl" : "https://panniangyan.github.io/conduit/7//#testresult/677de1905a53e481",
        "status" : "broken",
        "statusDetails" : "selenium.common.exceptions.WebDriverException: Message: unknown error: Chrome failed to start: exited abnormally.\n  (unknown error: DevToolsActivePort file doesn't exist)\n  (The process started from chrome location /usr/bin/google-chrome is no longer running, so ChromeDriver is assuming that Chrome has crashed.)",
        "time" : {
          "start" : 1627828246683,
          "stop" : 1627828246683,
          "duration" : 0
        }
      }, {
        "uid" : "585577795a3130fc",
        "reportUrl" : "https://panniangyan.github.io/conduit/6//#testresult/585577795a3130fc",
        "status" : "broken",
        "statusDetails" : "selenium.common.exceptions.WebDriverException: Message: unknown error: Chrome failed to start: exited abnormally.\n  (unknown error: DevToolsActivePort file doesn't exist)\n  (The process started from chrome location /usr/bin/google-chrome is no longer running, so ChromeDriver is assuming that Chrome has crashed.)",
        "time" : {
          "start" : 1627827064176,
          "stop" : 1627827064176,
          "duration" : 0
        }
      }, {
        "uid" : "6f2621a74f3caa3",
        "reportUrl" : "https://panniangyan.github.io/conduit/5//#testresult/6f2621a74f3caa3",
        "status" : "broken",
        "statusDetails" : "selenium.common.exceptions.WebDriverException: Message: unknown error: Chrome failed to start: exited abnormally.\n  (unknown error: DevToolsActivePort file doesn't exist)\n  (The process started from chrome location /usr/bin/google-chrome is no longer running, so ChromeDriver is assuming that Chrome has crashed.)",
        "time" : {
          "start" : 1627819947403,
          "stop" : 1627819947403,
          "duration" : 0
        }
      }, {
        "uid" : "6bfbb9376bb9ba3c",
        "reportUrl" : "https://panniangyan.github.io/conduit/4//#testresult/6bfbb9376bb9ba3c",
        "status" : "broken",
        "statusDetails" : "selenium.common.exceptions.WebDriverException: Message: unknown error: Chrome failed to start: exited abnormally.\n  (unknown error: DevToolsActivePort file doesn't exist)\n  (The process started from chrome location /usr/bin/google-chrome is no longer running, so ChromeDriver is assuming that Chrome has crashed.)",
        "time" : {
          "start" : 1627818403218,
          "stop" : 1627818403218,
          "duration" : 0
        }
      }, {
        "uid" : "856221f8fc2cb0ed",
        "reportUrl" : "https://panniangyan.github.io/conduit/3//#testresult/856221f8fc2cb0ed",
        "status" : "broken",
        "statusDetails" : "selenium.common.exceptions.WebDriverException: Message: unknown error: Chrome failed to start: exited abnormally.\n  (unknown error: DevToolsActivePort file doesn't exist)\n  (The process started from chrome location /usr/bin/google-chrome is no longer running, so ChromeDriver is assuming that Chrome has crashed.)",
        "time" : {
          "start" : 1627818155805,
          "stop" : 1627818155805,
          "duration" : 0
        }
      } ]
    },
    "tags" : [ ]
  },
  "source" : "e1553dadf08a70d2.json",
  "parameterValues" : [ ]
}