{
  "uid" : "c7eb53501efbd8ac",
  "name" : "test__pagination",
  "fullName" : "test.conduit_panniangyan_test.TestConduit#test__pagination",
  "historyId" : "e9939597f3edc0b6a86b00b225f9c777",
  "time" : {
    "start" : 1627828717738,
    "stop" : 1627828717738,
    "duration" : 0
  },
  "status" : "broken",
  "statusMessage" : "AttributeError: 'TestConduit' object has no attribute 'browser'",
  "statusTrace" : "self = <conduit_panniangyan_test.TestConduit object at 0x7f48641ad160>\n\n    def setup(self):\n>       self.browser.get(\"http://localhost:1667\")\nE       AttributeError: 'TestConduit' object has no attribute 'browser'\n\ntest/conduit_panniangyan_test.py:22: AttributeError",
  "flaky" : false,
  "newFailed" : false,
  "beforeStages" : [ ],
  "afterStages" : [ ],
  "labels" : [ {
    "name" : "parentSuite",
    "value" : "test"
  }, {
    "name" : "suite",
    "value" : "conduit_panniangyan_test"
  }, {
    "name" : "subSuite",
    "value" : "TestConduit"
  }, {
    "name" : "host",
    "value" : "fv-az39-326"
  }, {
    "name" : "thread",
    "value" : "3747-MainThread"
  }, {
    "name" : "framework",
    "value" : "pytest"
  }, {
    "name" : "language",
    "value" : "cpython3"
  }, {
    "name" : "package",
    "value" : "test.conduit_panniangyan_test"
  }, {
    "name" : "resultFormat",
    "value" : "allure2"
  } ],
  "parameters" : [ ],
  "links" : [ ],
  "hidden" : false,
  "retry" : false,
  "extra" : {
    "severity" : "normal",
    "retries" : [ ],
    "categories" : [ {
      "name" : "Test defects",
      "matchedStatuses" : [ ],
      "flaky" : false
    } ],
    "history" : {
      "statistic" : {
        "failed" : 0,
        "broken" : 6,
        "skipped" : 0,
        "passed" : 0,
        "unknown" : 0,
        "total" : 6
      },
      "items" : [ {
        "uid" : "fb8374e619526827",
        "reportUrl" : "https://panniangyan.github.io/conduit/7//#testresult/fb8374e619526827",
        "status" : "broken",
        "statusDetails" : "selenium.common.exceptions.WebDriverException: Message: unknown error: Chrome failed to start: exited abnormally.\n  (unknown error: DevToolsActivePort file doesn't exist)\n  (The process started from chrome location /usr/bin/google-chrome is no longer running, so ChromeDriver is assuming that Chrome has crashed.)",
        "time" : {
          "start" : 1627828256019,
          "stop" : 1627828256019,
          "duration" : 0
        }
      }, {
        "uid" : "a84747d23ddef301",
        "reportUrl" : "https://panniangyan.github.io/conduit/6//#testresult/a84747d23ddef301",
        "status" : "broken",
        "statusDetails" : "selenium.common.exceptions.WebDriverException: Message: unknown error: Chrome failed to start: exited abnormally.\n  (unknown error: DevToolsActivePort file doesn't exist)\n  (The process started from chrome location /usr/bin/google-chrome is no longer running, so ChromeDriver is assuming that Chrome has crashed.)",
        "time" : {
          "start" : 1627827069247,
          "stop" : 1627827069247,
          "duration" : 0
        }
      }, {
        "uid" : "7ef9045816af3eee",
        "reportUrl" : "https://panniangyan.github.io/conduit/5//#testresult/7ef9045816af3eee",
        "status" : "broken",
        "statusDetails" : "selenium.common.exceptions.WebDriverException: Message: unknown error: Chrome failed to start: exited abnormally.\n  (unknown error: DevToolsActivePort file doesn't exist)\n  (The process started from chrome location /usr/bin/google-chrome is no longer running, so ChromeDriver is assuming that Chrome has crashed.)",
        "time" : {
          "start" : 1627819956235,
          "stop" : 1627819956235,
          "duration" : 0
        }
      }, {
        "uid" : "eaae4f1126163bd0",
        "reportUrl" : "https://panniangyan.github.io/conduit/4//#testresult/eaae4f1126163bd0",
        "status" : "broken",
        "statusDetails" : "selenium.common.exceptions.WebDriverException: Message: unknown error: Chrome failed to start: exited abnormally.\n  (unknown error: DevToolsActivePort file doesn't exist)\n  (The process started from chrome location /usr/bin/google-chrome is no longer running, so ChromeDriver is assuming that Chrome has crashed.)",
        "time" : {
          "start" : 1627818411546,
          "stop" : 1627818411546,
          "duration" : 0
        }
      }, {
        "uid" : "bd66a7b594bc7cb2",
        "reportUrl" : "https://panniangyan.github.io/conduit/3//#testresult/bd66a7b594bc7cb2",
        "status" : "broken",
        "statusDetails" : "selenium.common.exceptions.WebDriverException: Message: unknown error: Chrome failed to start: exited abnormally.\n  (unknown error: DevToolsActivePort file doesn't exist)\n  (The process started from chrome location /usr/bin/google-chrome is no longer running, so ChromeDriver is assuming that Chrome has crashed.)",
        "time" : {
          "start" : 1627818161155,
          "stop" : 1627818161155,
          "duration" : 0
        }
      } ]
    },
    "tags" : [ ]
  },
  "source" : "c7eb53501efbd8ac.json",
  "parameterValues" : [ ]
}