{
  "uid" : "f2c7d2371a032289",
  "name" : "test__logout",
  "fullName" : "test.conduit_panniangyan_test.TestConduit#test__logout",
  "historyId" : "abb25b77cdad96442fb8c33754c6caa9",
  "time" : {
    "start" : 1627828717778,
    "stop" : 1627828717778,
    "duration" : 0
  },
  "status" : "broken",
  "statusMessage" : "AttributeError: 'TestConduit' object has no attribute 'browser'",
  "statusTrace" : "self = <conduit_panniangyan_test.TestConduit object at 0x7f4864790190>\n\n    def setup(self):\n>       self.browser.get(\"http://localhost:1667\")\nE       AttributeError: 'TestConduit' object has no attribute 'browser'\n\ntest/conduit_panniangyan_test.py:22: AttributeError",
  "flaky" : false,
  "newFailed" : false,
  "beforeStages" : [ ],
  "afterStages" : [ ],
  "labels" : [ {
    "name" : "parentSuite",
    "value" : "test"
  }, {
    "name" : "suite",
    "value" : "conduit_panniangyan_test"
  }, {
    "name" : "subSuite",
    "value" : "TestConduit"
  }, {
    "name" : "host",
    "value" : "fv-az39-326"
  }, {
    "name" : "thread",
    "value" : "3747-MainThread"
  }, {
    "name" : "framework",
    "value" : "pytest"
  }, {
    "name" : "language",
    "value" : "cpython3"
  }, {
    "name" : "package",
    "value" : "test.conduit_panniangyan_test"
  }, {
    "name" : "resultFormat",
    "value" : "allure2"
  } ],
  "parameters" : [ ],
  "links" : [ ],
  "hidden" : false,
  "retry" : false,
  "extra" : {
    "severity" : "normal",
    "retries" : [ ],
    "categories" : [ {
      "name" : "Test defects",
      "matchedStatuses" : [ ],
      "flaky" : false
    } ],
    "history" : {
      "statistic" : {
        "failed" : 0,
        "broken" : 6,
        "skipped" : 0,
        "passed" : 0,
        "unknown" : 0,
        "total" : 6
      },
      "items" : [ {
        "uid" : "90e76faa5944704f",
        "reportUrl" : "https://panniangyan.github.io/conduit/7//#testresult/90e76faa5944704f",
        "status" : "broken",
        "statusDetails" : "selenium.common.exceptions.WebDriverException: Message: unknown error: Chrome failed to start: exited abnormally.\n  (unknown error: DevToolsActivePort file doesn't exist)\n  (The process started from chrome location /usr/bin/google-chrome is no longer running, so ChromeDriver is assuming that Chrome has crashed.)",
        "time" : {
          "start" : 1627828262070,
          "stop" : 1627828262070,
          "duration" : 0
        }
      }, {
        "uid" : "5a97aa97725a413c",
        "reportUrl" : "https://panniangyan.github.io/conduit/6//#testresult/5a97aa97725a413c",
        "status" : "broken",
        "statusDetails" : "selenium.common.exceptions.WebDriverException: Message: unknown error: Chrome failed to start: exited abnormally.\n  (unknown error: DevToolsActivePort file doesn't exist)\n  (The process started from chrome location /usr/bin/google-chrome is no longer running, so ChromeDriver is assuming that Chrome has crashed.)",
        "time" : {
          "start" : 1627827075231,
          "stop" : 1627827075231,
          "duration" : 0
        }
      }, {
        "uid" : "614b720041af45b0",
        "reportUrl" : "https://panniangyan.github.io/conduit/5//#testresult/614b720041af45b0",
        "status" : "broken",
        "statusDetails" : "selenium.common.exceptions.WebDriverException: Message: unknown error: Chrome failed to start: exited abnormally.\n  (unknown error: DevToolsActivePort file doesn't exist)\n  (The process started from chrome location /usr/bin/google-chrome is no longer running, so ChromeDriver is assuming that Chrome has crashed.)",
        "time" : {
          "start" : 1627819962293,
          "stop" : 1627819962293,
          "duration" : 0
        }
      }, {
        "uid" : "1e8ea85c0d714098",
        "reportUrl" : "https://panniangyan.github.io/conduit/4//#testresult/1e8ea85c0d714098",
        "status" : "broken",
        "statusDetails" : "selenium.common.exceptions.WebDriverException: Message: unknown error: Chrome failed to start: exited abnormally.\n  (unknown error: DevToolsActivePort file doesn't exist)\n  (The process started from chrome location /usr/bin/google-chrome is no longer running, so ChromeDriver is assuming that Chrome has crashed.)",
        "time" : {
          "start" : 1627818417612,
          "stop" : 1627818417612,
          "duration" : 0
        }
      }, {
        "uid" : "6a894b869644cbde",
        "reportUrl" : "https://panniangyan.github.io/conduit/3//#testresult/6a894b869644cbde",
        "status" : "broken",
        "statusDetails" : "selenium.common.exceptions.WebDriverException: Message: unknown error: Chrome failed to start: exited abnormally.\n  (unknown error: DevToolsActivePort file doesn't exist)\n  (The process started from chrome location /usr/bin/google-chrome is no longer running, so ChromeDriver is assuming that Chrome has crashed.)",
        "time" : {
          "start" : 1627818167188,
          "stop" : 1627818167188,
          "duration" : 0
        }
      } ]
    },
    "tags" : [ ]
  },
  "source" : "f2c7d2371a032289.json",
  "parameterValues" : [ ]
}