{
  "uid" : "836c5ad2d3661164",
  "name" : "test__delete_article",
  "fullName" : "test.test_conduit.TestConduit#test__delete_article",
  "historyId" : "a8bcd0cffb2e0c546b5f30f345db8fb6",
  "time" : {
    "start" : 1628020184641,
    "stop" : 1628020195103,
    "duration" : 10462
  },
  "status" : "broken",
  "statusMessage" : "selenium.common.exceptions.TimeoutException: Message:",
  "statusTrace" : "self = <test_conduit.TestConduit object at 0x7f337cd92c40>\n\n    def test__delete_article(self):\n        accept_cookies(self.browser)\n        conduit_login(self.browser)\n>       WebDriverWait(self.browser, 5).until(\n            EC.visibility_of_element_located((By.XPATH, '//*[@href=\"#/@user2/\"]'))\n        ).click()\n\ntest/test_conduit.py:243: \n_ _ _ _ _ _ _ _ _ _ _ _ _ _ _ _ _ _ _ _ _ _ _ _ _ _ _ _ _ _ _ _ _ _ _ _ _ _ _ _ \n\nself = <selenium.webdriver.support.wait.WebDriverWait (session=\"37bc5ba3111132b7c45dbe1b810a6707\")>\nmethod = <selenium.webdriver.support.expected_conditions.visibility_of_element_located object at 0x7f337cd19700>\nmessage = ''\n\n    def until(self, method, message=''):\n        \"\"\"Calls the method provided with the driver as an argument until the \\\n        return value is not False.\"\"\"\n        screen = None\n        stacktrace = None\n    \n        end_time = time.time() + self._timeout\n        while True:\n            try:\n                value = method(self._driver)\n                if value:\n                    return value\n            except self._ignored_exceptions as exc:\n                screen = getattr(exc, 'screen', None)\n                stacktrace = getattr(exc, 'stacktrace', None)\n            time.sleep(self._poll)\n            if time.time() > end_time:\n                break\n>       raise TimeoutException(message, screen, stacktrace)\nE       selenium.common.exceptions.TimeoutException: Message:\n\n/opt/hostedtoolcache/Python/3.9.6/x64/lib/python3.9/site-packages/selenium/webdriver/support/wait.py:80: TimeoutException",
  "flaky" : false,
  "newFailed" : false,
  "beforeStages" : [ ],
  "testStage" : {
    "status" : "broken",
    "statusMessage" : "selenium.common.exceptions.TimeoutException: Message:",
    "statusTrace" : "self = <test_conduit.TestConduit object at 0x7f337cd92c40>\n\n    def test__delete_article(self):\n        accept_cookies(self.browser)\n        conduit_login(self.browser)\n>       WebDriverWait(self.browser, 5).until(\n            EC.visibility_of_element_located((By.XPATH, '//*[@href=\"#/@user2/\"]'))\n        ).click()\n\ntest/test_conduit.py:243: \n_ _ _ _ _ _ _ _ _ _ _ _ _ _ _ _ _ _ _ _ _ _ _ _ _ _ _ _ _ _ _ _ _ _ _ _ _ _ _ _ \n\nself = <selenium.webdriver.support.wait.WebDriverWait (session=\"37bc5ba3111132b7c45dbe1b810a6707\")>\nmethod = <selenium.webdriver.support.expected_conditions.visibility_of_element_located object at 0x7f337cd19700>\nmessage = ''\n\n    def until(self, method, message=''):\n        \"\"\"Calls the method provided with the driver as an argument until the \\\n        return value is not False.\"\"\"\n        screen = None\n        stacktrace = None\n    \n        end_time = time.time() + self._timeout\n        while True:\n            try:\n                value = method(self._driver)\n                if value:\n                    return value\n            except self._ignored_exceptions as exc:\n                screen = getattr(exc, 'screen', None)\n                stacktrace = getattr(exc, 'stacktrace', None)\n            time.sleep(self._poll)\n            if time.time() > end_time:\n                break\n>       raise TimeoutException(message, screen, stacktrace)\nE       selenium.common.exceptions.TimeoutException: Message:\n\n/opt/hostedtoolcache/Python/3.9.6/x64/lib/python3.9/site-packages/selenium/webdriver/support/wait.py:80: TimeoutException",
    "steps" : [ ],
    "attachments" : [ {
      "uid" : "da1eb5b89af34320",
      "name" : "log",
      "source" : "da1eb5b89af34320.txt",
      "type" : "text/plain",
      "size" : 344
    }, {
      "uid" : "9f83cda926fb43b6",
      "name" : "stderr",
      "source" : "9f83cda926fb43b6.txt",
      "type" : "text/plain",
      "size" : 215
    } ],
    "parameters" : [ ],
    "stepsCount" : 0,
    "attachmentsCount" : 2,
    "shouldDisplayMessage" : true,
    "hasContent" : true
  },
  "afterStages" : [ ],
  "labels" : [ {
    "name" : "parentSuite",
    "value" : "test"
  }, {
    "name" : "suite",
    "value" : "test_conduit"
  }, {
    "name" : "subSuite",
    "value" : "TestConduit"
  }, {
    "name" : "host",
    "value" : "fv-az77-266"
  }, {
    "name" : "thread",
    "value" : "3603-MainThread"
  }, {
    "name" : "framework",
    "value" : "pytest"
  }, {
    "name" : "language",
    "value" : "cpython3"
  }, {
    "name" : "package",
    "value" : "test.test_conduit"
  }, {
    "name" : "resultFormat",
    "value" : "allure2"
  } ],
  "parameters" : [ ],
  "links" : [ ],
  "hidden" : false,
  "retry" : false,
  "extra" : {
    "severity" : "normal",
    "retries" : [ ],
    "categories" : [ {
      "name" : "Test defects",
      "matchedStatuses" : [ ],
      "flaky" : false
    } ],
    "tags" : [ ]
  },
  "source" : "836c5ad2d3661164.json",
  "parameterValues" : [ ]
}