{
  "uid" : "a9212700a9e2814d",
  "name" : "test__login",
  "fullName" : "test.conduit_panniangyan_test.TestConduit#test__login",
  "historyId" : "51625365f8691b6a7c0681b76565d3b2",
  "time" : {
    "start" : 1627892617361,
    "stop" : 1627892617361,
    "duration" : 0
  },
  "status" : "broken",
  "statusMessage" : "AttributeError: 'WebDriver' object has no attribute 'webdriver'",
  "statusTrace" : "self = <conduit_panniangyan_test.TestConduit object at 0x7fc98d9f9af0>\n\n    def setup(self):\n>       browser.webdriver.Chrome()\nE       AttributeError: 'WebDriver' object has no attribute 'webdriver'\n\ntest/conduit_panniangyan_test.py:22: AttributeError",
  "flaky" : false,
  "newFailed" : false,
  "beforeStages" : [ ],
  "afterStages" : [ ],
  "labels" : [ {
    "name" : "parentSuite",
    "value" : "test"
  }, {
    "name" : "suite",
    "value" : "conduit_panniangyan_test"
  }, {
    "name" : "subSuite",
    "value" : "TestConduit"
  }, {
    "name" : "host",
    "value" : "fv-az28-812"
  }, {
    "name" : "thread",
    "value" : "3700-MainThread"
  }, {
    "name" : "framework",
    "value" : "pytest"
  }, {
    "name" : "language",
    "value" : "cpython3"
  }, {
    "name" : "package",
    "value" : "test.conduit_panniangyan_test"
  }, {
    "name" : "resultFormat",
    "value" : "allure2"
  } ],
  "parameters" : [ ],
  "links" : [ ],
  "hidden" : false,
  "retry" : false,
  "extra" : {
    "severity" : "normal",
    "retries" : [ ],
    "categories" : [ {
      "name" : "Test defects",
      "matchedStatuses" : [ ],
      "flaky" : false
    } ],
    "history" : {
      "statistic" : {
        "failed" : 0,
        "broken" : 11,
        "skipped" : 0,
        "passed" : 0,
        "unknown" : 0,
        "total" : 11
      },
      "items" : [ {
        "uid" : "2ec642fda151103",
        "reportUrl" : "https://panniangyan.github.io/conduit/12//#testresult/2ec642fda151103",
        "status" : "broken",
        "statusDetails" : "AttributeError: 'TestConduit' object has no attribute 'browser'",
        "time" : {
          "start" : 1627888455626,
          "stop" : 1627888455626,
          "duration" : 0
        }
      }, {
        "uid" : "ef98815e0b6f4b1f",
        "reportUrl" : "https://panniangyan.github.io/conduit/11//#testresult/ef98815e0b6f4b1f",
        "status" : "broken",
        "statusDetails" : "AttributeError: 'TestConduit' object has no attribute 'browser'",
        "time" : {
          "start" : 1627829932554,
          "stop" : 1627829932554,
          "duration" : 0
        }
      }, {
        "uid" : "ae75b4a9865f788b",
        "reportUrl" : "https://panniangyan.github.io/conduit/10//#testresult/ae75b4a9865f788b",
        "status" : "broken",
        "statusDetails" : "AttributeError: 'TestConduit' object has no attribute 'browser'",
        "time" : {
          "start" : 1627829830033,
          "stop" : 1627829830033,
          "duration" : 0
        }
      }, {
        "uid" : "ee974a8c5e4853fc",
        "reportUrl" : "https://panniangyan.github.io/conduit/9//#testresult/ee974a8c5e4853fc",
        "status" : "broken",
        "statusDetails" : "AttributeError: 'TestConduit' object has no attribute 'browser'",
        "time" : {
          "start" : 1627829049979,
          "stop" : 1627829049979,
          "duration" : 0
        }
      }, {
        "uid" : "44c9c5f285bff926",
        "reportUrl" : "https://panniangyan.github.io/conduit/8//#testresult/44c9c5f285bff926",
        "status" : "broken",
        "statusDetails" : "AttributeError: 'TestConduit' object has no attribute 'browser'",
        "time" : {
          "start" : 1627828717725,
          "stop" : 1627828717725,
          "duration" : 0
        }
      }, {
        "uid" : "a77d331c9548b4be",
        "reportUrl" : "https://panniangyan.github.io/conduit/7//#testresult/a77d331c9548b4be",
        "status" : "broken",
        "statusDetails" : "selenium.common.exceptions.WebDriverException: Message: unknown error: Chrome failed to start: exited abnormally.\n  (unknown error: DevToolsActivePort file doesn't exist)\n  (The process started from chrome location /usr/bin/google-chrome is no longer running, so ChromeDriver is assuming that Chrome has crashed.)",
        "time" : {
          "start" : 1627828253686,
          "stop" : 1627828253686,
          "duration" : 0
        }
      }, {
        "uid" : "1131cb47a9095d9e",
        "reportUrl" : "https://panniangyan.github.io/conduit/6//#testresult/1131cb47a9095d9e",
        "status" : "broken",
        "statusDetails" : "selenium.common.exceptions.WebDriverException: Message: unknown error: Chrome failed to start: exited abnormally.\n  (unknown error: DevToolsActivePort file doesn't exist)\n  (The process started from chrome location /usr/bin/google-chrome is no longer running, so ChromeDriver is assuming that Chrome has crashed.)",
        "time" : {
          "start" : 1627827066930,
          "stop" : 1627827066930,
          "duration" : 0
        }
      }, {
        "uid" : "15c8b1b29b083c57",
        "reportUrl" : "https://panniangyan.github.io/conduit/5//#testresult/15c8b1b29b083c57",
        "status" : "broken",
        "statusDetails" : "selenium.common.exceptions.WebDriverException: Message: unknown error: Chrome failed to start: exited abnormally.\n  (unknown error: DevToolsActivePort file doesn't exist)\n  (The process started from chrome location /usr/bin/google-chrome is no longer running, so ChromeDriver is assuming that Chrome has crashed.)",
        "time" : {
          "start" : 1627819953893,
          "stop" : 1627819953893,
          "duration" : 0
        }
      }, {
        "uid" : "1ed5c683bc1d6430",
        "reportUrl" : "https://panniangyan.github.io/conduit/4//#testresult/1ed5c683bc1d6430",
        "status" : "broken",
        "statusDetails" : "selenium.common.exceptions.WebDriverException: Message: unknown error: Chrome failed to start: exited abnormally.\n  (unknown error: DevToolsActivePort file doesn't exist)\n  (The process started from chrome location /usr/bin/google-chrome is no longer running, so ChromeDriver is assuming that Chrome has crashed.)",
        "time" : {
          "start" : 1627818409150,
          "stop" : 1627818409150,
          "duration" : 0
        }
      }, {
        "uid" : "228f019dc4d103c",
        "reportUrl" : "https://panniangyan.github.io/conduit/3//#testresult/228f019dc4d103c",
        "status" : "broken",
        "statusDetails" : "selenium.common.exceptions.WebDriverException: Message: unknown error: Chrome failed to start: exited abnormally.\n  (unknown error: DevToolsActivePort file doesn't exist)\n  (The process started from chrome location /usr/bin/google-chrome is no longer running, so ChromeDriver is assuming that Chrome has crashed.)",
        "time" : {
          "start" : 1627818158841,
          "stop" : 1627818158841,
          "duration" : 0
        }
      } ]
    },
    "tags" : [ ]
  },
  "source" : "a9212700a9e2814d.json",
  "parameterValues" : [ ]
}