{
  "uid" : "4a601f487fd7efe7",
  "name" : "test__modify_article",
  "fullName" : "test.test_conduit_panniangyan.TestConduit#test__modify_article",
  "historyId" : "439ecfed7a82e66c072e2e7f320fff80",
  "time" : {
    "start" : 1628586509686,
    "stop" : 1628586552366,
    "duration" : 42680
  },
  "status" : "broken",
  "statusMessage" : "selenium.common.exceptions.TimeoutException: Message:",
  "statusTrace" : "self = <test_conduit_panniangyan.TestConduit object at 0x7fd556a0f970>\n\n    def test__modify_article(self):\n        accept_cookies(self.browser)\n        conduit_login(self.browser, user_login)\n        add_new_article(self.browser, input_post_modify)\n        title_list = []\n        title_list.append(title)\n        WebDriverWait(self.browser, 5).until(\n             EC.visibility_of_element_located((By.XPATH, '//*[@href=\"#/@user2/\"]'))\n        ).click()\n        time.sleep(2)\n        old_title = WebDriverWait(self.browser, 10).until(\n             EC.visibility_of_element_located((By.XPATH, '//*[@class=\"preview-link\"]/h1'))\n        )\n        title_list.append(old_title.text)\n        old_title.click()\n        time.sleep(2)\n>       WebDriverWait(self.browser, 30).until(\n            EC.visibility_of_element_located((By.XPATH, '//div[@class=\"article-meta\"]/span/a/span'))\n        ).click()\n\ntest/test_conduit_panniangyan.py:202: \n_ _ _ _ _ _ _ _ _ _ _ _ _ _ _ _ _ _ _ _ _ _ _ _ _ _ _ _ _ _ _ _ _ _ _ _ _ _ _ _ \n\nself = <selenium.webdriver.support.wait.WebDriverWait (session=\"eed4b56f9668413505415de389d10690\")>\nmethod = <selenium.webdriver.support.expected_conditions.visibility_of_element_located object at 0x7fd556a20610>\nmessage = ''\n\n    def until(self, method, message=''):\n        \"\"\"Calls the method provided with the driver as an argument until the \\\n        return value is not False.\"\"\"\n        screen = None\n        stacktrace = None\n    \n        end_time = time.time() + self._timeout\n        while True:\n            try:\n                value = method(self._driver)\n                if value:\n                    return value\n            except self._ignored_exceptions as exc:\n                screen = getattr(exc, 'screen', None)\n                stacktrace = getattr(exc, 'stacktrace', None)\n            time.sleep(self._poll)\n            if time.time() > end_time:\n                break\n>       raise TimeoutException(message, screen, stacktrace)\nE       selenium.common.exceptions.TimeoutException: Message:\n\n../../../.local/lib/python3.8/site-packages/selenium/webdriver/support/wait.py:80: TimeoutException",
  "flaky" : false,
  "newFailed" : false,
  "beforeStages" : [ ],
  "testStage" : {
    "status" : "broken",
    "statusMessage" : "selenium.common.exceptions.TimeoutException: Message:",
    "statusTrace" : "self = <test_conduit_panniangyan.TestConduit object at 0x7fd556a0f970>\n\n    def test__modify_article(self):\n        accept_cookies(self.browser)\n        conduit_login(self.browser, user_login)\n        add_new_article(self.browser, input_post_modify)\n        title_list = []\n        title_list.append(title)\n        WebDriverWait(self.browser, 5).until(\n             EC.visibility_of_element_located((By.XPATH, '//*[@href=\"#/@user2/\"]'))\n        ).click()\n        time.sleep(2)\n        old_title = WebDriverWait(self.browser, 10).until(\n             EC.visibility_of_element_located((By.XPATH, '//*[@class=\"preview-link\"]/h1'))\n        )\n        title_list.append(old_title.text)\n        old_title.click()\n        time.sleep(2)\n>       WebDriverWait(self.browser, 30).until(\n            EC.visibility_of_element_located((By.XPATH, '//div[@class=\"article-meta\"]/span/a/span'))\n        ).click()\n\ntest/test_conduit_panniangyan.py:202: \n_ _ _ _ _ _ _ _ _ _ _ _ _ _ _ _ _ _ _ _ _ _ _ _ _ _ _ _ _ _ _ _ _ _ _ _ _ _ _ _ \n\nself = <selenium.webdriver.support.wait.WebDriverWait (session=\"eed4b56f9668413505415de389d10690\")>\nmethod = <selenium.webdriver.support.expected_conditions.visibility_of_element_located object at 0x7fd556a20610>\nmessage = ''\n\n    def until(self, method, message=''):\n        \"\"\"Calls the method provided with the driver as an argument until the \\\n        return value is not False.\"\"\"\n        screen = None\n        stacktrace = None\n    \n        end_time = time.time() + self._timeout\n        while True:\n            try:\n                value = method(self._driver)\n                if value:\n                    return value\n            except self._ignored_exceptions as exc:\n                screen = getattr(exc, 'screen', None)\n                stacktrace = getattr(exc, 'stacktrace', None)\n            time.sleep(self._poll)\n            if time.time() > end_time:\n                break\n>       raise TimeoutException(message, screen, stacktrace)\nE       selenium.common.exceptions.TimeoutException: Message:\n\n../../../.local/lib/python3.8/site-packages/selenium/webdriver/support/wait.py:80: TimeoutException",
    "steps" : [ ],
    "attachments" : [ {
      "uid" : "d8b2ac157f3d85b3",
      "name" : "log",
      "source" : "d8b2ac157f3d85b3.txt",
      "type" : "text/plain",
      "size" : 344
    }, {
      "uid" : "f4a2de1048a10a0d",
      "name" : "stderr",
      "source" : "f4a2de1048a10a0d.txt",
      "type" : "text/plain",
      "size" : 215
    } ],
    "parameters" : [ ],
    "stepsCount" : 0,
    "attachmentsCount" : 2,
    "shouldDisplayMessage" : true,
    "hasContent" : true
  },
  "afterStages" : [ ],
  "labels" : [ {
    "name" : "parentSuite",
    "value" : "test"
  }, {
    "name" : "suite",
    "value" : "test_conduit_panniangyan"
  }, {
    "name" : "subSuite",
    "value" : "TestConduit"
  }, {
    "name" : "host",
    "value" : "fv-az81-527"
  }, {
    "name" : "thread",
    "value" : "3739-MainThread"
  }, {
    "name" : "framework",
    "value" : "pytest"
  }, {
    "name" : "language",
    "value" : "cpython3"
  }, {
    "name" : "package",
    "value" : "test.test_conduit_panniangyan"
  }, {
    "name" : "resultFormat",
    "value" : "allure2"
  } ],
  "parameters" : [ ],
  "links" : [ ],
  "hidden" : false,
  "retry" : false,
  "extra" : {
    "severity" : "normal",
    "retries" : [ ],
    "categories" : [ {
      "name" : "Test defects",
      "matchedStatuses" : [ ],
      "flaky" : false
    } ],
    "tags" : [ ]
  },
  "source" : "4a601f487fd7efe7.json",
  "parameterValues" : [ ]
}