{
  "uid" : "a37ce1b8e415b8c",
  "name" : "test__modify_article",
  "fullName" : "test.test_conduit.TestConduit#test__modify_article",
  "historyId" : "551767793303c49f5392b4da9a27efdf",
  "time" : {
    "start" : 1628031692361,
    "stop" : 1628031716051,
    "duration" : 23690
  },
  "status" : "broken",
  "statusMessage" : "selenium.common.exceptions.TimeoutException: Message:",
  "statusTrace" : "self = <test_conduit.TestConduit object at 0x7f1a1178c250>\n\n    def test__modify_article(self):\n        accept_cookies(self.browser)\n        conduit_login(self.browser)\n        title_list = []\n        title = \"OhLALA\"\n        title_list.append(title)\n        WebDriverWait(self.browser, 5).until(\n             EC.visibility_of_element_located((By.XPATH, '//*[@href=\"#/@user2/\"]'))\n        ).click()\n        time.sleep(4)\n        old_title = WebDriverWait(self.browser, 10).until(\n             EC.visibility_of_element_located((By.XPATH, '//*[@class=\"preview-link\"]/h1'))\n        )\n        title_list.append(old_title.text)\n        old_title.click()\n        time.sleep(4)\n>       WebDriverWait(self.browser, 10).until(\n            EC.visibility_of_element_located((By.XPATH, '//*[@class=\"article-meta\"]/span/a'))\n        ).click()\n\ntest/test_conduit.py:218: \n_ _ _ _ _ _ _ _ _ _ _ _ _ _ _ _ _ _ _ _ _ _ _ _ _ _ _ _ _ _ _ _ _ _ _ _ _ _ _ _ \n\nself = <selenium.webdriver.support.wait.WebDriverWait (session=\"464c09f8a7c84f01c531801ce2ba7fc9\")>\nmethod = <selenium.webdriver.support.expected_conditions.visibility_of_element_located object at 0x7f1a1184aca0>\nmessage = ''\n\n    def until(self, method, message=''):\n        \"\"\"Calls the method provided with the driver as an argument until the \\\n        return value is not False.\"\"\"\n        screen = None\n        stacktrace = None\n    \n        end_time = time.time() + self._timeout\n        while True:\n            try:\n                value = method(self._driver)\n                if value:\n                    return value\n            except self._ignored_exceptions as exc:\n                screen = getattr(exc, 'screen', None)\n                stacktrace = getattr(exc, 'stacktrace', None)\n            time.sleep(self._poll)\n            if time.time() > end_time:\n                break\n>       raise TimeoutException(message, screen, stacktrace)\nE       selenium.common.exceptions.TimeoutException: Message:\n\n/opt/hostedtoolcache/Python/3.9.6/x64/lib/python3.9/site-packages/selenium/webdriver/support/wait.py:80: TimeoutException",
  "flaky" : false,
  "newFailed" : false,
  "beforeStages" : [ ],
  "testStage" : {
    "status" : "broken",
    "statusMessage" : "selenium.common.exceptions.TimeoutException: Message:",
    "statusTrace" : "self = <test_conduit.TestConduit object at 0x7f1a1178c250>\n\n    def test__modify_article(self):\n        accept_cookies(self.browser)\n        conduit_login(self.browser)\n        title_list = []\n        title = \"OhLALA\"\n        title_list.append(title)\n        WebDriverWait(self.browser, 5).until(\n             EC.visibility_of_element_located((By.XPATH, '//*[@href=\"#/@user2/\"]'))\n        ).click()\n        time.sleep(4)\n        old_title = WebDriverWait(self.browser, 10).until(\n             EC.visibility_of_element_located((By.XPATH, '//*[@class=\"preview-link\"]/h1'))\n        )\n        title_list.append(old_title.text)\n        old_title.click()\n        time.sleep(4)\n>       WebDriverWait(self.browser, 10).until(\n            EC.visibility_of_element_located((By.XPATH, '//*[@class=\"article-meta\"]/span/a'))\n        ).click()\n\ntest/test_conduit.py:218: \n_ _ _ _ _ _ _ _ _ _ _ _ _ _ _ _ _ _ _ _ _ _ _ _ _ _ _ _ _ _ _ _ _ _ _ _ _ _ _ _ \n\nself = <selenium.webdriver.support.wait.WebDriverWait (session=\"464c09f8a7c84f01c531801ce2ba7fc9\")>\nmethod = <selenium.webdriver.support.expected_conditions.visibility_of_element_located object at 0x7f1a1184aca0>\nmessage = ''\n\n    def until(self, method, message=''):\n        \"\"\"Calls the method provided with the driver as an argument until the \\\n        return value is not False.\"\"\"\n        screen = None\n        stacktrace = None\n    \n        end_time = time.time() + self._timeout\n        while True:\n            try:\n                value = method(self._driver)\n                if value:\n                    return value\n            except self._ignored_exceptions as exc:\n                screen = getattr(exc, 'screen', None)\n                stacktrace = getattr(exc, 'stacktrace', None)\n            time.sleep(self._poll)\n            if time.time() > end_time:\n                break\n>       raise TimeoutException(message, screen, stacktrace)\nE       selenium.common.exceptions.TimeoutException: Message:\n\n/opt/hostedtoolcache/Python/3.9.6/x64/lib/python3.9/site-packages/selenium/webdriver/support/wait.py:80: TimeoutException",
    "steps" : [ ],
    "attachments" : [ {
      "uid" : "ce8aab97ee103609",
      "name" : "log",
      "source" : "ce8aab97ee103609.txt",
      "type" : "text/plain",
      "size" : 344
    }, {
      "uid" : "4b6702dba3cea941",
      "name" : "stderr",
      "source" : "4b6702dba3cea941.txt",
      "type" : "text/plain",
      "size" : 215
    } ],
    "parameters" : [ ],
    "stepsCount" : 0,
    "attachmentsCount" : 2,
    "shouldDisplayMessage" : true,
    "hasContent" : true
  },
  "afterStages" : [ ],
  "labels" : [ {
    "name" : "parentSuite",
    "value" : "test"
  }, {
    "name" : "suite",
    "value" : "test_conduit"
  }, {
    "name" : "subSuite",
    "value" : "TestConduit"
  }, {
    "name" : "host",
    "value" : "fv-az83-815"
  }, {
    "name" : "thread",
    "value" : "3626-MainThread"
  }, {
    "name" : "framework",
    "value" : "pytest"
  }, {
    "name" : "language",
    "value" : "cpython3"
  }, {
    "name" : "package",
    "value" : "test.test_conduit"
  }, {
    "name" : "resultFormat",
    "value" : "allure2"
  } ],
  "parameters" : [ ],
  "links" : [ ],
  "hidden" : false,
  "retry" : false,
  "extra" : {
    "severity" : "normal",
    "retries" : [ ],
    "categories" : [ {
      "name" : "Test defects",
      "matchedStatuses" : [ ],
      "flaky" : false
    } ],
    "tags" : [ ]
  },
  "source" : "a37ce1b8e415b8c.json",
  "parameterValues" : [ ]
}