{
  "uid" : "a434ce3c07d02ac7",
  "name" : "test__accept_cookies",
  "fullName" : "test.conduit_panniangyan_test.TestConduit#test__accept_cookies",
  "historyId" : "de8f5d4366661f0af5dd4dc6f91eb86d",
  "time" : {
    "start" : 1627898435234,
    "stop" : 1627898435234,
    "duration" : 0
  },
  "status" : "broken",
  "statusMessage" : "TypeError: setup() takes 0 positional arguments but 1 was given",
  "statusTrace" : "cls = <class '_pytest.runner.CallInfo'>\nfunc = <function call_runtest_hook.<locals>.<lambda> at 0x7fa5fe5219d0>\nwhen = 'setup'\nreraise = (<class '_pytest.outcomes.Exit'>, <class 'KeyboardInterrupt'>)\n\n    @classmethod\n    def from_call(\n        cls,\n        func: \"Callable[[], TResult]\",\n        when: \"Literal['collect', 'setup', 'call', 'teardown']\",\n        reraise: Optional[\n            Union[Type[BaseException], Tuple[Type[BaseException], ...]]\n        ] = None,\n    ) -> \"CallInfo[TResult]\":\n        excinfo = None\n        start = timing.time()\n        precise_start = timing.perf_counter()\n        try:\n>           result: Optional[TResult] = func()\n\n/opt/hostedtoolcache/Python/3.9.5/x64/lib/python3.9/site-packages/_pytest/runner.py:311: \n_ _ _ _ _ _ _ _ _ _ _ _ _ _ _ _ _ _ _ _ _ _ _ _ _ _ _ _ _ _ _ _ _ _ _ _ _ _ _ _ \n/opt/hostedtoolcache/Python/3.9.5/x64/lib/python3.9/site-packages/_pytest/runner.py:255: in <lambda>\n    lambda: ihook(item=item, **kwds), when=when, reraise=reraise\n/opt/hostedtoolcache/Python/3.9.5/x64/lib/python3.9/site-packages/pluggy/hooks.py:286: in __call__\n    return self._hookexec(self, self.get_hookimpls(), kwargs)\n/opt/hostedtoolcache/Python/3.9.5/x64/lib/python3.9/site-packages/pluggy/manager.py:93: in _hookexec\n    return self._inner_hookexec(hook, methods, kwargs)\n/opt/hostedtoolcache/Python/3.9.5/x64/lib/python3.9/site-packages/pluggy/manager.py:84: in <lambda>\n    self._inner_hookexec = lambda hook, methods, kwargs: hook.multicall(\n/opt/hostedtoolcache/Python/3.9.5/x64/lib/python3.9/site-packages/_pytest/nose.py:13: in pytest_runtest_setup\n    call_optional(item.parent.obj, \"setup\")\n_ _ _ _ _ _ _ _ _ _ _ _ _ _ _ _ _ _ _ _ _ _ _ _ _ _ _ _ _ _ _ _ _ _ _ _ _ _ _ _ \n\nobj = <conduit_panniangyan_test.TestConduit object at 0x7fa5fe7fc910>\nname = 'setup'\n\n    def call_optional(obj, name):\n        method = getattr(obj, name, None)\n        isfixture = hasattr(method, \"_pytestfixturefunction\")\n        if method is not None and not isfixture and callable(method):\n            # If there's any problems allow the exception to raise rather than\n            # silently ignoring them.\n>           method()\nE           TypeError: setup() takes 0 positional arguments but 1 was given\n\n/opt/hostedtoolcache/Python/3.9.5/x64/lib/python3.9/site-packages/_pytest/nose.py:38: TypeError",
  "flaky" : false,
  "newFailed" : false,
  "beforeStages" : [ ],
  "afterStages" : [ ],
  "labels" : [ {
    "name" : "parentSuite",
    "value" : "test"
  }, {
    "name" : "suite",
    "value" : "conduit_panniangyan_test"
  }, {
    "name" : "subSuite",
    "value" : "TestConduit"
  }, {
    "name" : "host",
    "value" : "fv-az74-587"
  }, {
    "name" : "thread",
    "value" : "3661-MainThread"
  }, {
    "name" : "framework",
    "value" : "pytest"
  }, {
    "name" : "language",
    "value" : "cpython3"
  }, {
    "name" : "package",
    "value" : "test.conduit_panniangyan_test"
  }, {
    "name" : "resultFormat",
    "value" : "allure2"
  } ],
  "parameters" : [ ],
  "links" : [ ],
  "hidden" : false,
  "retry" : false,
  "extra" : {
    "severity" : "normal",
    "retries" : [ ],
    "categories" : [ {
      "name" : "Test defects",
      "matchedStatuses" : [ ],
      "flaky" : false
    } ],
    "history" : {
      "statistic" : {
        "failed" : 0,
        "broken" : 12,
        "skipped" : 0,
        "passed" : 3,
        "unknown" : 0,
        "total" : 15
      },
      "items" : [ {
        "uid" : "9a6ee8be115aeaa3",
        "reportUrl" : "https://panniangyan.github.io/conduit/17//#testresult/9a6ee8be115aeaa3",
        "status" : "passed",
        "time" : {
          "start" : 1627896375380,
          "stop" : 1627896378458,
          "duration" : 3078
        }
      }, {
        "uid" : "e1a606f3a5b636b9",
        "reportUrl" : "https://panniangyan.github.io/conduit/16//#testresult/e1a606f3a5b636b9",
        "status" : "passed",
        "time" : {
          "start" : 1627895208930,
          "stop" : 1627895212038,
          "duration" : 3108
        }
      }, {
        "uid" : "42f871dbea1c2d06",
        "reportUrl" : "https://panniangyan.github.io/conduit/15//#testresult/42f871dbea1c2d06",
        "status" : "passed",
        "time" : {
          "start" : 1627892992517,
          "stop" : 1627892995609,
          "duration" : 3092
        }
      }, {
        "uid" : "519aaff43a727a1c",
        "reportUrl" : "https://panniangyan.github.io/conduit/14//#testresult/519aaff43a727a1c",
        "status" : "broken",
        "statusDetails" : "AttributeError: 'WebDriver' object has no attribute 'webdriver'",
        "time" : {
          "start" : 1627892617307,
          "stop" : 1627892617307,
          "duration" : 0
        }
      }, {
        "uid" : "50fc6625188e6613",
        "reportUrl" : "https://panniangyan.github.io/conduit/12//#testresult/50fc6625188e6613",
        "status" : "broken",
        "statusDetails" : "AttributeError: 'TestConduit' object has no attribute 'browser'",
        "time" : {
          "start" : 1627888455571,
          "stop" : 1627888455571,
          "duration" : 0
        }
      }, {
        "uid" : "ce489d75bdff9d97",
        "reportUrl" : "https://panniangyan.github.io/conduit/11//#testresult/ce489d75bdff9d97",
        "status" : "broken",
        "statusDetails" : "AttributeError: 'TestConduit' object has no attribute 'browser'",
        "time" : {
          "start" : 1627829932494,
          "stop" : 1627829932494,
          "duration" : 0
        }
      }, {
        "uid" : "fb005f957e917e26",
        "reportUrl" : "https://panniangyan.github.io/conduit/10//#testresult/fb005f957e917e26",
        "status" : "broken",
        "statusDetails" : "AttributeError: 'TestConduit' object has no attribute 'browser'",
        "time" : {
          "start" : 1627829829967,
          "stop" : 1627829829967,
          "duration" : 0
        }
      }, {
        "uid" : "e1553dadf08a70d2",
        "reportUrl" : "https://panniangyan.github.io/conduit/9//#testresult/e1553dadf08a70d2",
        "status" : "broken",
        "statusDetails" : "AttributeError: 'TestConduit' object has no attribute 'browser'",
        "time" : {
          "start" : 1627829049925,
          "stop" : 1627829049925,
          "duration" : 0
        }
      }, {
        "uid" : "2603299f6999848e",
        "reportUrl" : "https://panniangyan.github.io/conduit/8//#testresult/2603299f6999848e",
        "status" : "broken",
        "statusDetails" : "AttributeError: 'TestConduit' object has no attribute 'browser'",
        "time" : {
          "start" : 1627828717673,
          "stop" : 1627828717673,
          "duration" : 0
        }
      }, {
        "uid" : "677de1905a53e481",
        "reportUrl" : "https://panniangyan.github.io/conduit/7//#testresult/677de1905a53e481",
        "status" : "broken",
        "statusDetails" : "selenium.common.exceptions.WebDriverException: Message: unknown error: Chrome failed to start: exited abnormally.\n  (unknown error: DevToolsActivePort file doesn't exist)\n  (The process started from chrome location /usr/bin/google-chrome is no longer running, so ChromeDriver is assuming that Chrome has crashed.)",
        "time" : {
          "start" : 1627828246683,
          "stop" : 1627828246683,
          "duration" : 0
        }
      }, {
        "uid" : "585577795a3130fc",
        "reportUrl" : "https://panniangyan.github.io/conduit/6//#testresult/585577795a3130fc",
        "status" : "broken",
        "statusDetails" : "selenium.common.exceptions.WebDriverException: Message: unknown error: Chrome failed to start: exited abnormally.\n  (unknown error: DevToolsActivePort file doesn't exist)\n  (The process started from chrome location /usr/bin/google-chrome is no longer running, so ChromeDriver is assuming that Chrome has crashed.)",
        "time" : {
          "start" : 1627827064176,
          "stop" : 1627827064176,
          "duration" : 0
        }
      }, {
        "uid" : "6f2621a74f3caa3",
        "reportUrl" : "https://panniangyan.github.io/conduit/5//#testresult/6f2621a74f3caa3",
        "status" : "broken",
        "statusDetails" : "selenium.common.exceptions.WebDriverException: Message: unknown error: Chrome failed to start: exited abnormally.\n  (unknown error: DevToolsActivePort file doesn't exist)\n  (The process started from chrome location /usr/bin/google-chrome is no longer running, so ChromeDriver is assuming that Chrome has crashed.)",
        "time" : {
          "start" : 1627819947403,
          "stop" : 1627819947403,
          "duration" : 0
        }
      }, {
        "uid" : "6bfbb9376bb9ba3c",
        "reportUrl" : "https://panniangyan.github.io/conduit/4//#testresult/6bfbb9376bb9ba3c",
        "status" : "broken",
        "statusDetails" : "selenium.common.exceptions.WebDriverException: Message: unknown error: Chrome failed to start: exited abnormally.\n  (unknown error: DevToolsActivePort file doesn't exist)\n  (The process started from chrome location /usr/bin/google-chrome is no longer running, so ChromeDriver is assuming that Chrome has crashed.)",
        "time" : {
          "start" : 1627818403218,
          "stop" : 1627818403218,
          "duration" : 0
        }
      }, {
        "uid" : "856221f8fc2cb0ed",
        "reportUrl" : "https://panniangyan.github.io/conduit/3//#testresult/856221f8fc2cb0ed",
        "status" : "broken",
        "statusDetails" : "selenium.common.exceptions.WebDriverException: Message: unknown error: Chrome failed to start: exited abnormally.\n  (unknown error: DevToolsActivePort file doesn't exist)\n  (The process started from chrome location /usr/bin/google-chrome is no longer running, so ChromeDriver is assuming that Chrome has crashed.)",
        "time" : {
          "start" : 1627818155805,
          "stop" : 1627818155805,
          "duration" : 0
        }
      } ]
    },
    "tags" : [ ]
  },
  "source" : "a434ce3c07d02ac7.json",
  "parameterValues" : [ ]
}