{
  "uid" : "1e6c2da72bf817cd",
  "name" : "test__registration",
  "fullName" : "test.conduit_panniangyan_test.TestConduit#test__registration",
  "historyId" : "968ef86fef284f9344208081067f8ec4",
  "time" : {
    "start" : 1627888455618,
    "stop" : 1627888455618,
    "duration" : 0
  },
  "status" : "broken",
  "statusMessage" : "AttributeError: 'TestConduit' object has no attribute 'browser'",
  "statusTrace" : "self = <conduit_panniangyan_test.TestConduit object at 0x7fa3dcf0f490>\n\n    def setup(self):\n>       self.browser.webdriver.Chrome(\"/usr/bin/chromedriver\")\nE       AttributeError: 'TestConduit' object has no attribute 'browser'\n\ntest/conduit_panniangyan_test.py:22: AttributeError",
  "flaky" : false,
  "newFailed" : false,
  "beforeStages" : [ ],
  "afterStages" : [ ],
  "labels" : [ {
    "name" : "parentSuite",
    "value" : "test"
  }, {
    "name" : "suite",
    "value" : "conduit_panniangyan_test"
  }, {
    "name" : "subSuite",
    "value" : "TestConduit"
  }, {
    "name" : "host",
    "value" : "fv-az74-587"
  }, {
    "name" : "thread",
    "value" : "3644-MainThread"
  }, {
    "name" : "framework",
    "value" : "pytest"
  }, {
    "name" : "language",
    "value" : "cpython3"
  }, {
    "name" : "package",
    "value" : "test.conduit_panniangyan_test"
  }, {
    "name" : "resultFormat",
    "value" : "allure2"
  } ],
  "parameters" : [ ],
  "links" : [ ],
  "hidden" : false,
  "retry" : false,
  "extra" : {
    "severity" : "normal",
    "retries" : [ ],
    "categories" : [ {
      "name" : "Test defects",
      "matchedStatuses" : [ ],
      "flaky" : false
    } ],
    "history" : {
      "statistic" : {
        "failed" : 0,
        "broken" : 10,
        "skipped" : 0,
        "passed" : 0,
        "unknown" : 0,
        "total" : 10
      },
      "items" : [ {
        "uid" : "8583a58aa9210346",
        "reportUrl" : "https://panniangyan.github.io/conduit/11//#testresult/8583a58aa9210346",
        "status" : "broken",
        "statusDetails" : "AttributeError: 'TestConduit' object has no attribute 'browser'",
        "time" : {
          "start" : 1627829932546,
          "stop" : 1627829932546,
          "duration" : 0
        }
      }, {
        "uid" : "c59acee91c6e3928",
        "reportUrl" : "https://panniangyan.github.io/conduit/10//#testresult/c59acee91c6e3928",
        "status" : "broken",
        "statusDetails" : "AttributeError: 'TestConduit' object has no attribute 'browser'",
        "time" : {
          "start" : 1627829830025,
          "stop" : 1627829830025,
          "duration" : 0
        }
      }, {
        "uid" : "2d3c931a1cfbf27e",
        "reportUrl" : "https://panniangyan.github.io/conduit/9//#testresult/2d3c931a1cfbf27e",
        "status" : "broken",
        "statusDetails" : "AttributeError: 'TestConduit' object has no attribute 'browser'",
        "time" : {
          "start" : 1627829049972,
          "stop" : 1627829049972,
          "duration" : 0
        }
      }, {
        "uid" : "db670bd415a60c20",
        "reportUrl" : "https://panniangyan.github.io/conduit/8//#testresult/db670bd415a60c20",
        "status" : "broken",
        "statusDetails" : "AttributeError: 'TestConduit' object has no attribute 'browser'",
        "time" : {
          "start" : 1627828717718,
          "stop" : 1627828717718,
          "duration" : 0
        }
      }, {
        "uid" : "4ccb4a24db3d96df",
        "reportUrl" : "https://panniangyan.github.io/conduit/7//#testresult/4ccb4a24db3d96df",
        "status" : "broken",
        "statusDetails" : "selenium.common.exceptions.WebDriverException: Message: unknown error: Chrome failed to start: exited abnormally.\n  (unknown error: DevToolsActivePort file doesn't exist)\n  (The process started from chrome location /usr/bin/google-chrome is no longer running, so ChromeDriver is assuming that Chrome has crashed.)",
        "time" : {
          "start" : 1627828252518,
          "stop" : 1627828252518,
          "duration" : 0
        }
      }, {
        "uid" : "8b9482fd3ef6d0ca",
        "reportUrl" : "https://panniangyan.github.io/conduit/6//#testresult/8b9482fd3ef6d0ca",
        "status" : "broken",
        "statusDetails" : "selenium.common.exceptions.WebDriverException: Message: unknown error: Chrome failed to start: exited abnormally.\n  (unknown error: DevToolsActivePort file doesn't exist)\n  (The process started from chrome location /usr/bin/google-chrome is no longer running, so ChromeDriver is assuming that Chrome has crashed.)",
        "time" : {
          "start" : 1627827065771,
          "stop" : 1627827065771,
          "duration" : 0
        }
      }, {
        "uid" : "beb59897c53c98fb",
        "reportUrl" : "https://panniangyan.github.io/conduit/5//#testresult/beb59897c53c98fb",
        "status" : "broken",
        "statusDetails" : "selenium.common.exceptions.WebDriverException: Message: unknown error: Chrome failed to start: exited abnormally.\n  (unknown error: DevToolsActivePort file doesn't exist)\n  (The process started from chrome location /usr/bin/google-chrome is no longer running, so ChromeDriver is assuming that Chrome has crashed.)",
        "time" : {
          "start" : 1627819953717,
          "stop" : 1627819953717,
          "duration" : 0
        }
      }, {
        "uid" : "82efe754d9ec88e",
        "reportUrl" : "https://panniangyan.github.io/conduit/4//#testresult/82efe754d9ec88e",
        "status" : "broken",
        "statusDetails" : "selenium.common.exceptions.WebDriverException: Message: unknown error: Chrome failed to start: exited abnormally.\n  (unknown error: DevToolsActivePort file doesn't exist)\n  (The process started from chrome location /usr/bin/google-chrome is no longer running, so ChromeDriver is assuming that Chrome has crashed.)",
        "time" : {
          "start" : 1627818407981,
          "stop" : 1627818407981,
          "duration" : 0
        }
      }, {
        "uid" : "3ef007e12fb7c524",
        "reportUrl" : "https://panniangyan.github.io/conduit/3//#testresult/3ef007e12fb7c524",
        "status" : "broken",
        "statusDetails" : "selenium.common.exceptions.WebDriverException: Message: unknown error: Chrome failed to start: exited abnormally.\n  (unknown error: DevToolsActivePort file doesn't exist)\n  (The process started from chrome location /usr/bin/google-chrome is no longer running, so ChromeDriver is assuming that Chrome has crashed.)",
        "time" : {
          "start" : 1627818158682,
          "stop" : 1627818158682,
          "duration" : 0
        }
      } ]
    },
    "tags" : [ ]
  },
  "source" : "1e6c2da72bf817cd.json",
  "parameterValues" : [ ]
}