{
  "uid" : "f42004c54e48845c",
  "name" : "test__save_data_to_file",
  "fullName" : "test.conduit_panniangyan_test.TestConduit#test__save_data_to_file",
  "historyId" : "7a313d2f474045d07a049c444a01446a",
  "time" : {
    "start" : 1627888455674,
    "stop" : 1627888455674,
    "duration" : 0
  },
  "status" : "broken",
  "statusMessage" : "AttributeError: 'TestConduit' object has no attribute 'browser'",
  "statusTrace" : "self = <conduit_panniangyan_test.TestConduit object at 0x7fa3dcefff10>\n\n    def setup(self):\n>       self.browser.webdriver.Chrome(\"/usr/bin/chromedriver\")\nE       AttributeError: 'TestConduit' object has no attribute 'browser'\n\ntest/conduit_panniangyan_test.py:22: AttributeError",
  "flaky" : false,
  "newFailed" : false,
  "beforeStages" : [ ],
  "afterStages" : [ ],
  "labels" : [ {
    "name" : "parentSuite",
    "value" : "test"
  }, {
    "name" : "suite",
    "value" : "conduit_panniangyan_test"
  }, {
    "name" : "subSuite",
    "value" : "TestConduit"
  }, {
    "name" : "host",
    "value" : "fv-az74-587"
  }, {
    "name" : "thread",
    "value" : "3644-MainThread"
  }, {
    "name" : "framework",
    "value" : "pytest"
  }, {
    "name" : "language",
    "value" : "cpython3"
  }, {
    "name" : "package",
    "value" : "test.conduit_panniangyan_test"
  }, {
    "name" : "resultFormat",
    "value" : "allure2"
  } ],
  "parameters" : [ ],
  "links" : [ ],
  "hidden" : false,
  "retry" : false,
  "extra" : {
    "severity" : "normal",
    "retries" : [ ],
    "categories" : [ {
      "name" : "Test defects",
      "matchedStatuses" : [ ],
      "flaky" : false
    } ],
    "history" : {
      "statistic" : {
        "failed" : 0,
        "broken" : 10,
        "skipped" : 0,
        "passed" : 0,
        "unknown" : 0,
        "total" : 10
      },
      "items" : [ {
        "uid" : "b41f67a4d48c1f83",
        "reportUrl" : "https://panniangyan.github.io/conduit/11//#testresult/b41f67a4d48c1f83",
        "status" : "broken",
        "statusDetails" : "AttributeError: 'TestConduit' object has no attribute 'browser'",
        "time" : {
          "start" : 1627829932608,
          "stop" : 1627829932608,
          "duration" : 0
        }
      }, {
        "uid" : "cf1eb99938a669f9",
        "reportUrl" : "https://panniangyan.github.io/conduit/10//#testresult/cf1eb99938a669f9",
        "status" : "broken",
        "statusDetails" : "AttributeError: 'TestConduit' object has no attribute 'browser'",
        "time" : {
          "start" : 1627829830094,
          "stop" : 1627829830094,
          "duration" : 0
        }
      }, {
        "uid" : "dd2ecdbcd8e59f0e",
        "reportUrl" : "https://panniangyan.github.io/conduit/9//#testresult/dd2ecdbcd8e59f0e",
        "status" : "broken",
        "statusDetails" : "AttributeError: 'TestConduit' object has no attribute 'browser'",
        "time" : {
          "start" : 1627829050026,
          "stop" : 1627829050026,
          "duration" : 0
        }
      }, {
        "uid" : "f733c95e68e62742",
        "reportUrl" : "https://panniangyan.github.io/conduit/8//#testresult/f733c95e68e62742",
        "status" : "broken",
        "statusDetails" : "AttributeError: 'TestConduit' object has no attribute 'browser'",
        "time" : {
          "start" : 1627828717771,
          "stop" : 1627828717771,
          "duration" : 0
        }
      }, {
        "uid" : "d25f9e6e98320fd3",
        "reportUrl" : "https://panniangyan.github.io/conduit/7//#testresult/d25f9e6e98320fd3",
        "status" : "broken",
        "statusDetails" : "selenium.common.exceptions.WebDriverException: Message: unknown error: Chrome failed to start: exited abnormally.\n  (unknown error: DevToolsActivePort file doesn't exist)\n  (The process started from chrome location /usr/bin/google-chrome is no longer running, so ChromeDriver is assuming that Chrome has crashed.)",
        "time" : {
          "start" : 1627828260903,
          "stop" : 1627828260903,
          "duration" : 0
        }
      }, {
        "uid" : "9e3fba6f8130309b",
        "reportUrl" : "https://panniangyan.github.io/conduit/6//#testresult/9e3fba6f8130309b",
        "status" : "broken",
        "statusDetails" : "selenium.common.exceptions.WebDriverException: Message: unknown error: Chrome failed to start: exited abnormally.\n  (unknown error: DevToolsActivePort file doesn't exist)\n  (The process started from chrome location /usr/bin/google-chrome is no longer running, so ChromeDriver is assuming that Chrome has crashed.)",
        "time" : {
          "start" : 1627827074072,
          "stop" : 1627827074072,
          "duration" : 0
        }
      }, {
        "uid" : "65f83409fbce0d85",
        "reportUrl" : "https://panniangyan.github.io/conduit/5//#testresult/65f83409fbce0d85",
        "status" : "broken",
        "statusDetails" : "selenium.common.exceptions.WebDriverException: Message: unknown error: Chrome failed to start: exited abnormally.\n  (unknown error: DevToolsActivePort file doesn't exist)\n  (The process started from chrome location /usr/bin/google-chrome is no longer running, so ChromeDriver is assuming that Chrome has crashed.)",
        "time" : {
          "start" : 1627819961121,
          "stop" : 1627819961121,
          "duration" : 0
        }
      }, {
        "uid" : "7cf649d7a47ed808",
        "reportUrl" : "https://panniangyan.github.io/conduit/4//#testresult/7cf649d7a47ed808",
        "status" : "broken",
        "statusDetails" : "selenium.common.exceptions.WebDriverException: Message: unknown error: Chrome failed to start: exited abnormally.\n  (unknown error: DevToolsActivePort file doesn't exist)\n  (The process started from chrome location /usr/bin/google-chrome is no longer running, so ChromeDriver is assuming that Chrome has crashed.)",
        "time" : {
          "start" : 1627818416426,
          "stop" : 1627818416426,
          "duration" : 0
        }
      }, {
        "uid" : "7fa22d85c45b3ef6",
        "reportUrl" : "https://panniangyan.github.io/conduit/3//#testresult/7fa22d85c45b3ef6",
        "status" : "broken",
        "statusDetails" : "selenium.common.exceptions.WebDriverException: Message: unknown error: Chrome failed to start: exited abnormally.\n  (unknown error: DevToolsActivePort file doesn't exist)\n  (The process started from chrome location /usr/bin/google-chrome is no longer running, so ChromeDriver is assuming that Chrome has crashed.)",
        "time" : {
          "start" : 1627818166032,
          "stop" : 1627818166032,
          "duration" : 0
        }
      } ]
    },
    "tags" : [ ]
  },
  "source" : "f42004c54e48845c.json",
  "parameterValues" : [ ]
}